Log file open, 11/01/19 01:41:10
LogWindows: Failed to load 'aqProf.dll' (GetLastError=126)
LogWindows: File 'aqProf.dll' does not exist
LogWindows: Failed to load 'VtuneApi.dll' (GetLastError=126)
LogWindows: File 'VtuneApi.dll' does not exist
LogWindows: Failed to load 'VtuneApi32e.dll' (GetLastError=126)
LogWindows: File 'VtuneApi32e.dll' does not exist
LogConsoleResponse: Display: Failed to find resolution value strings in scalability ini. Falling back to default.
LogInit: Display: Running engine for game: MasterLevel
LogPakFile: Registered encryption key '00000000000000000000000000000000': 0 pak files mounted, 0 remain pending
LogPlatformFile: Not using cached read wrapper
LogTaskGraph: Started task graph with 5 named threads and 47 total threads with 3 sets of task threads.
LogStats: Stats thread started at 0.516381
LogD3D11RHI: Loaded GFSDK_Aftermath_Lib.x64.dll
LogICUInternationalization: ICU TimeZone Detection - Raw Offset: -5:00, Platform Override: ''
LogPluginManager: Mounting plugin Paper2D
LogPluginManager: Mounting plugin AISupport
LogPluginManager: Mounting plugin LightPropagationVolume
LogPluginManager: Mounting plugin ActorLayerUtilities
LogPluginManager: Mounting plugin AnimationSharing
LogPluginManager: Mounting plugin CLionSourceCodeAccess
LogPluginManager: Mounting plugin CodeLiteSourceCodeAccess
LogPluginManager: Mounting plugin GitSourceControl
LogPluginManager: Mounting plugin KDevelopSourceCodeAccess
LogPluginManager: Mounting plugin NullSourceCodeAccess
LogPluginManager: Mounting plugin PerforceSourceControl
LogPluginManager: Mounting plugin SubversionSourceControl
LogPluginManager: Mounting plugin UObjectPlugin
LogPluginManager: Mounting plugin VisualStudioCodeSourceCodeAccess
LogPluginManager: Mounting plugin VisualStudioSourceCodeAccess
LogPluginManager: Mounting plugin XCodeSourceCodeAccess
LogPluginManager: Mounting plugin AssetManagerEditor
LogPluginManager: Mounting plugin CryptoKeys
LogPluginManager: Mounting plugin DataValidation
LogPluginManager: Mounting plugin FacialAnimation
LogPluginManager: Mounting plugin GameplayTagsEditor
LogPluginManager: Mounting plugin MacGraphicsSwitching
LogPluginManager: Mounting plugin MaterialAnalyzer
LogPluginManager: Mounting plugin MobileLauncherProfileWizard
LogPluginManager: Mounting plugin PluginBrowser
LogPluginManager: Mounting plugin SpeedTreeImporter
LogPluginManager: Mounting plugin DatasmithContent
LogPluginManager: Mounting plugin VariantManagerContent
LogPluginManager: Mounting plugin AlembicImporter
LogPluginManager: Mounting plugin AppleImageUtils
LogPluginManager: Mounting plugin AppleVision
LogPluginManager: Mounting plugin BackChannel
LogPluginManager: Mounting plugin CharacterAI
LogPluginManager: Mounting plugin GeometryCache
LogPluginManager: Mounting plugin HTML5Networking
LogPluginManager: Mounting plugin ProxyLODPlugin
LogPluginManager: Mounting plugin SkeletalReduction
LogPluginManager: Mounting plugin MagicLeap
LogPluginManager: Mounting plugin MagicLeapMedia
LogPluginManager: Mounting plugin AndroidMedia
LogPluginManager: Mounting plugin AvfMedia
LogPluginManager: Mounting plugin ImgMedia
LogPluginManager: Mounting plugin LinearTimecode
LogPluginManager: Mounting plugin MediaCompositing
LogPluginManager: Mounting plugin MediaPlayerEditor
LogPluginManager: Mounting plugin WebMMedia
LogPluginManager: Mounting plugin WmfMedia
LogPluginManager: Mounting plugin TcpMessaging
LogPluginManager: Mounting plugin UdpMessaging
LogPluginManager: Mounting plugin ActorSequence
LogPluginManager: Mounting plugin LevelSequenceEditor
LogPluginManager: Mounting plugin MatineeToLevelSequence
LogPluginManager: Mounting plugin NetcodeUnitTest
LogPluginManager: Mounting plugin NUTUnrealEngine4
LogPluginManager: Mounting plugin OnlineSubsystemGooglePlay
LogPluginManager: Mounting plugin OnlineSubsystemIOS
LogPluginManager: Mounting plugin OnlineSubsystem
LogPluginManager: Mounting plugin OnlineSubsystemNull
LogPluginManager: Mounting plugin OnlineSubsystemUtils
LogPluginManager: Mounting plugin LauncherChunkInstaller
LogPluginManager: Mounting plugin AndroidDeviceProfileSelector
LogPluginManager: Mounting plugin AndroidMoviePlayer
LogPluginManager: Mounting plugin AndroidPermission
LogPluginManager: Mounting plugin AppleMoviePlayer
LogPluginManager: Mounting plugin ArchVisCharacter
LogPluginManager: Mounting plugin AudioCapture
LogPluginManager: Mounting plugin CableComponent
LogPluginManager: Mounting plugin CustomMeshComponent
LogPluginManager: Mounting plugin EditableMesh
LogPluginManager: Mounting plugin ExampleDeviceProfileSelector
LogPluginManager: Mounting plugin Firebase
LogPluginManager: Mounting plugin GoogleCloudMessaging
LogPluginManager: Mounting plugin HoudiniEngine
LogPluginManager: Mounting plugin IOSDeviceProfileSelector
LogPluginManager: Mounting plugin LinuxDeviceProfileSelector
LogPluginManager: Mounting plugin LocationServicesBPLibrary
LogPluginManager: Mounting plugin MobilePatchingUtils
LogPluginManager: Mounting plugin OculusVR
LogPluginManager: Mounting plugin PhysXVehicles
LogPluginManager: Mounting plugin ProceduralMeshComponent
LogPluginManager: Mounting plugin RuntimePhysXCooking
LogPluginManager: Mounting plugin SignificanceManager
LogPluginManager: Mounting plugin SteamVR
LogPluginManager: Mounting plugin WebMMoviePlayer
LogPluginManager: Mounting plugin WindowsMoviePlayer
LogInit: Using libcurl 7.55.1-DEV
LogInit:  - built for x86_64-pc-win32
LogInit:  - supports SSL with OpenSSL/1.1.1
LogInit:  - supports HTTP deflate (compression) using libz 1.2.8
LogInit:  - other features:
LogInit:      CURL_VERSION_SSL
LogInit:      CURL_VERSION_LIBZ
LogInit:      CURL_VERSION_IPV6
LogInit:      CURL_VERSION_ASYNCHDNS
LogInit:      CURL_VERSION_LARGEFILE
LogInit:      CURL_VERSION_IDN
LogInit:  CurlRequestOptions (configurable via config and command line):
LogInit:  - bVerifyPeer = true  - Libcurl will verify peer certificate
LogInit:  - bUseHttpProxy = false  - Libcurl will NOT use HTTP proxy
LogInit:  - bDontReuseConnections = false  - Libcurl will reuse connections
LogInit:  - MaxHostConnections = 16  - Libcurl will limit the number of connections to a host
LogInit:  - LocalHostAddr = Default
LogInit:  - BufferSize = 65536
LogInit: WinSock: version 1.1 (2.2), MaxSocks=32767, MaxUdp=65467
LogInit: Build: ++UE4+Release-4.22-CL-7053642
LogInit: Engine Version: 4.22.3-7053642+++UE4+Release-4.22
LogInit: Compatible Engine Version: 4.22.0-5660361+++UE4+Release-4.22
LogInit: Net CL: 5660361
LogInit: OS: Windows 10 (Release 1809) (), CPU: Intel(R) Core(TM) i9-9900K CPU @ 3.60GHz, GPU: NVIDIA GeForce GTX 1070
LogInit: Compiled (64-bit): Jun 18 2019 03:09:11
LogInit: Compiled with Visual C++: 19.16.27025.01
LogInit: Build Configuration: Development
LogInit: Branch Name: ++UE4+Release-4.22
LogInit: Command Line: 
LogInit: Base Directory: D:/UE_4.22/Engine/Binaries/Win64/
LogInit: Installed Engine Build: 1
LogDevObjectVersion: Number of dev versions registered: 23
LogDevObjectVersion:   Dev-Blueprints (B0D832E4-1F89-4F0D-ACCF-7EB736FD4AA2): 10
LogDevObjectVersion:   Dev-Build (E1C64328-A22C-4D53-A36C-8E866417BD8C): 0
LogDevObjectVersion:   Dev-Core (375EC13C-06E4-48FB-B500-84F0262A717E): 3
LogDevObjectVersion:   Dev-Editor (E4B068ED-F494-42E9-A231-DA0B2E46BB41): 30
LogDevObjectVersion:   Dev-Framework (CFFC743F-43B0-4480-9391-14DF171D2073): 35
LogDevObjectVersion:   Dev-Mobile (B02B49B5-BB20-44E9-A304-32B752E40360): 2
LogDevObjectVersion:   Dev-Networking (A4E4105C-59A1-49B5-A7C5-40C4547EDFEE): 0
LogDevObjectVersion:   Dev-Online (39C831C9-5AE6-47DC-9A44-9C173E1C8E7C): 0
LogDevObjectVersion:   Dev-Physics (78F01B33-EBEA-4F98-B9B4-84EACCB95AA2): 0
LogDevObjectVersion:   Dev-Platform (6631380F-2D4D-43E0-8009-CF276956A95A): 0
LogDevObjectVersion:   Dev-Rendering (12F88B9F-8875-4AFC-A67C-D90C383ABD29): 28
LogDevObjectVersion:   Dev-Sequencer (7B5AE74C-D270-4C10-A958-57980B212A5A): 11
LogDevObjectVersion:   Dev-VR (D7296918-1DD6-4BDD-9DE2-64A83CC13884): 2
LogDevObjectVersion:   Dev-LoadTimes (C2A15278-BFE7-4AFE-6C17-90FF531DF755): 1
LogDevObjectVersion:   Private-Geometry (6EACA3D4-40EC-4CC1-B786-8BED09428FC5): 3
LogDevObjectVersion:   Dev-AnimPhys (29E575DD-E0A3-4627-9D10-D276232CDCEA): 17
LogDevObjectVersion:   Dev-Anim (AF43A65D-7FD3-4947-9873-3E8ED9C1BB05): 2
LogDevObjectVersion:   Dev-ReflectionCapture (6B266CEC-1EC7-4B8F-A30B-E4D90942FC07): 1
LogDevObjectVersion:   Dev-Automation (0DF73D61-A23F-47EA-B727-89E90C41499A): 1
LogDevObjectVersion:   FortniteMain (601D1886-AC64-4F84-AA16-D3DE0DEAC7D6): 25
LogDevObjectVersion:   Dev-Enterprise (9DFFBCD6-494F-0158-E221-12823C92A888): 6
LogDevObjectVersion:   Dev-Niagara (F2AED0AC-9AFE-416F-8664-AA7FFA26D6FC): 1
LogDevObjectVersion:   Dev-Destruction (174F1F0B-B4C6-45A5-B13F-2EE8D0FB917D): 2
LogInit: Presizing for max 16777216 objects, including 0 objects not considered by GC, pre-allocating 0 bytes for permanent pool.
LogInit: Object subsystem initialized
LogConfig: Setting CVar [[con.DebugEarlyDefault:1]]
LogConfig: Setting CVar [[r.setres:1280x720]]
[2019.11.01-05.41.10:584][  0]LogConfig: Setting CVar [[r.VSync:0]]
[2019.11.01-05.41.10:584][  0]LogConfig: Setting CVar [[r.RHICmdBypass:0]]
[2019.11.01-05.41.10:584][  0]LogConfig: Applying CVar settings from Section [/Script/Engine.RendererSettings] File [D:/Github_Reps/SilentForest/Final-Project/MasterLevel/Saved/Config/Windows/Engine.ini]
[2019.11.01-05.41.10:584][  0]LogConfig: Setting CVar [[r.GPUCrashDebugging:0]]
[2019.11.01-05.41.10:584][  0]LogConfig: Setting CVar [[r.ReflectionCaptureResolution:128]]
[2019.11.01-05.41.10:584][  0]LogConfig: Setting CVar [[r.ReflectionEnvironmentLightmapMixBasedOnRoughness:1]]
[2019.11.01-05.41.10:584][  0]LogConfig: Setting CVar [[r.AllowOcclusionQueries:1]]
[2019.11.01-05.41.10:584][  0]LogConfig: Setting CVar [[r.TextureStreaming:1]]
[2019.11.01-05.41.10:584][  0]LogConfig: Applying CVar settings from Section [/Script/Engine.RendererOverrideSettings] File [D:/Github_Reps/SilentForest/Final-Project/MasterLevel/Saved/Config/Windows/Engine.ini]
[2019.11.01-05.41.10:584][  0]LogConfig: Applying CVar settings from Section [/Script/Engine.StreamingSettings] File [D:/Github_Reps/SilentForest/Final-Project/MasterLevel/Saved/Config/Windows/Engine.ini]
[2019.11.01-05.41.10:584][  0]LogConfig: Setting CVar [[s.MinBulkDataSizeForAsyncLoading:131072]]
[2019.11.01-05.41.10:584][  0]LogConfig: Setting CVar [[s.AsyncLoadingThreadEnabled:0]]
[2019.11.01-05.41.10:584][  0]LogConfig: Setting CVar [[s.EventDrivenLoaderEnabled:1]]
[2019.11.01-05.41.10:584][  0]LogConfig: Setting CVar [[s.WarnIfTimeLimitExceeded:0]]
[2019.11.01-05.41.10:584][  0]LogConfig: Setting CVar [[s.TimeLimitExceededMultiplier:1.5]]
[2019.11.01-05.41.10:584][  0]LogConfig: Setting CVar [[s.TimeLimitExceededMinTime:0.005]]
[2019.11.01-05.41.10:584][  0]LogConfig: Setting CVar [[s.UseBackgroundLevelStreaming:1]]
[2019.11.01-05.41.10:584][  0]LogConfig: Setting CVar [[s.PriorityAsyncLoadingExtraTime:15.0]]
[2019.11.01-05.41.10:584][  0]LogConfig: Setting CVar [[s.LevelStreamingActorsUpdateTimeLimit:5.0]]
[2019.11.01-05.41.10:584][  0]LogConfig: Setting CVar [[s.PriorityLevelStreamingActorsUpdateExtraTime:5.0]]
[2019.11.01-05.41.10:584][  0]LogConfig: Setting CVar [[s.LevelStreamingComponentsRegistrationGranularity:10]]
[2019.11.01-05.41.10:584][  0]LogConfig: Setting CVar [[s.UnregisterComponentsTimeLimit:1.0]]
[2019.11.01-05.41.10:584][  0]LogConfig: Setting CVar [[s.LevelStreamingComponentsUnregistrationGranularity:5]]
[2019.11.01-05.41.10:584][  0]LogConfig: Applying CVar settings from Section [/Script/Engine.GarbageCollectionSettings] File [D:/Github_Reps/SilentForest/Final-Project/MasterLevel/Saved/Config/Windows/Engine.ini]
[2019.11.01-05.41.10:584][  0]LogConfig: Setting CVar [[gc.MaxObjectsNotConsideredByGC:1]]
[2019.11.01-05.41.10:584][  0]LogConfig: Setting CVar [[gc.SizeOfPermanentObjectPool:0]]
[2019.11.01-05.41.10:584][  0]LogConfig: Setting CVar [[gc.FlushStreamingOnGC:0]]
[2019.11.01-05.41.10:584][  0]LogConfig: Setting CVar [[gc.NumRetriesBeforeForcingGC:10]]
[2019.11.01-05.41.10:584][  0]LogConfig: Setting CVar [[gc.AllowParallelGC:1]]
[2019.11.01-05.41.10:584][  0]LogConfig: Setting CVar [[gc.TimeBetweenPurgingPendingKillObjects:61.1]]
[2019.11.01-05.41.10:584][  0]LogConfig: Setting CVar [[gc.MaxObjectsInEditor:16777216]]
[2019.11.01-05.41.10:584][  0]LogConfig: Setting CVar [[gc.IncrementalBeginDestroyEnabled:1]]
[2019.11.01-05.41.10:584][  0]LogConfig: Setting CVar [[gc.CreateGCClusters:1]]
[2019.11.01-05.41.10:584][  0]LogConfig: Setting CVar [[gc.MinGCClusterSize:5]]
[2019.11.01-05.41.10:584][  0]LogConfig: Setting CVar [[gc.ActorClusteringEnabled:0]]
[2019.11.01-05.41.10:584][  0]LogConfig: Setting CVar [[gc.BlueprintClusteringEnabled:0]]
[2019.11.01-05.41.10:584][  0]LogConfig: Setting CVar [[gc.UseDisregardForGCOnDedicatedServers:0]]
[2019.11.01-05.41.10:584][  0]LogConfig: Applying CVar settings from Section [/Script/Engine.NetworkSettings] File [D:/Github_Reps/SilentForest/Final-Project/MasterLevel/Saved/Config/Windows/Engine.ini]
[2019.11.01-05.41.10:584][  0]LogConfig: Applying CVar settings from Section [/Script/UnrealEd.CookerSettings] File [D:/Github_Reps/SilentForest/Final-Project/MasterLevel/Saved/Config/Windows/Engine.ini]
[2019.11.01-05.41.10:588][  0]LogConfig: Applying CVar settings from Section [ViewDistanceQuality@3] File [D:/Github_Reps/SilentForest/Final-Project/MasterLevel/Saved/Config/Windows/Scalability.ini]
[2019.11.01-05.41.10:588][  0]LogConfig: Setting CVar [[r.SkeletalMeshLODBias:0]]
[2019.11.01-05.41.10:588][  0]LogConfig: Setting CVar [[r.ViewDistanceScale:1.0]]
[2019.11.01-05.41.10:588][  0]LogConfig: Applying CVar settings from Section [AntiAliasingQuality@3] File [D:/Github_Reps/SilentForest/Final-Project/MasterLevel/Saved/Config/Windows/Scalability.ini]
[2019.11.01-05.41.10:588][  0]LogConfig: Setting CVar [[r.PostProcessAAQuality:4]]
[2019.11.01-05.41.10:588][  0]LogConfig: Applying CVar settings from Section [ShadowQuality@3] File [D:/Github_Reps/SilentForest/Final-Project/MasterLevel/Saved/Config/Windows/Scalability.ini]
[2019.11.01-05.41.10:588][  0]LogConfig: Setting CVar [[r.LightFunctionQuality:1]]
[2019.11.01-05.41.10:588][  0]LogConfig: Setting CVar [[r.ShadowQuality:5]]
[2019.11.01-05.41.10:588][  0]LogConfig: Setting CVar [[r.Shadow.CSM.MaxCascades:10]]
[2019.11.01-05.41.10:588][  0]LogConfig: Setting CVar [[r.Shadow.MaxResolution:2048]]
[2019.11.01-05.41.10:588][  0]LogConfig: Setting CVar [[r.Shadow.MaxCSMResolution:2048]]
[2019.11.01-05.41.10:588][  0]LogConfig: Setting CVar [[r.Shadow.RadiusThreshold:0.01]]
[2019.11.01-05.41.10:588][  0]LogConfig: Setting CVar [[r.Shadow.DistanceScale:1.0]]
[2019.11.01-05.41.10:588][  0]LogConfig: Setting CVar [[r.Shadow.CSM.TransitionScale:1.0]]
[2019.11.01-05.41.10:588][  0]LogConfig: Setting CVar [[r.Shadow.PreShadowResolutionFactor:1.0]]
[2019.11.01-05.41.10:588][  0]LogConfig: Setting CVar [[r.DistanceFieldShadowing:1]]
[2019.11.01-05.41.10:588][  0]LogConfig: Setting CVar [[r.DistanceFieldAO:1]]
[2019.11.01-05.41.10:588][  0]LogConfig: Setting CVar [[r.AOQuality:2]]
[2019.11.01-05.41.10:588][  0]LogConfig: Setting CVar [[r.VolumetricFog:1]]
[2019.11.01-05.41.10:588][  0]LogConfig: Setting CVar [[r.VolumetricFog.GridPixelSize:8]]
[2019.11.01-05.41.10:588][  0]LogConfig: Setting CVar [[r.VolumetricFog.GridSizeZ:128]]
[2019.11.01-05.41.10:588][  0]LogConfig: Setting CVar [[r.VolumetricFog.HistoryMissSupersampleCount:4]]
[2019.11.01-05.41.10:588][  0]LogConfig: Setting CVar [[r.LightMaxDrawDistanceScale:1]]
[2019.11.01-05.41.10:588][  0]LogConfig: Setting CVar [[r.CapsuleShadows:1]]
[2019.11.01-05.41.10:588][  0]LogConfig: Applying CVar settings from Section [PostProcessQuality@3] File [D:/Github_Reps/SilentForest/Final-Project/MasterLevel/Saved/Config/Windows/Scalability.ini]
[2019.11.01-05.41.10:588][  0]LogConfig: Setting CVar [[r.MotionBlurQuality:4]]
[2019.11.01-05.41.10:588][  0]LogConfig: Setting CVar [[r.AmbientOcclusionMipLevelFactor:0.4]]
[2019.11.01-05.41.10:588][  0]LogConfig: Setting CVar [[r.AmbientOcclusionMaxQuality:100]]
[2019.11.01-05.41.10:588][  0]LogConfig: Setting CVar [[r.AmbientOcclusionLevels:-1]]
[2019.11.01-05.41.10:588][  0]LogConfig: Setting CVar [[r.AmbientOcclusionRadiusScale:1.0]]
[2019.11.01-05.41.10:588][  0]LogConfig: Setting CVar [[r.DepthOfFieldQuality:2]]
[2019.11.01-05.41.10:588][  0]LogConfig: Setting CVar [[r.RenderTargetPoolMin:400]]
[2019.11.01-05.41.10:588][  0]LogConfig: Setting CVar [[r.LensFlareQuality:2]]
[2019.11.01-05.41.10:588][  0]LogConfig: Setting CVar [[r.SceneColorFringeQuality:1]]
[2019.11.01-05.41.10:588][  0]LogConfig: Setting CVar [[r.EyeAdaptationQuality:2]]
[2019.11.01-05.41.10:588][  0]LogConfig: Setting CVar [[r.BloomQuality:5]]
[2019.11.01-05.41.10:588][  0]LogConfig: Setting CVar [[r.FastBlurThreshold:100]]
[2019.11.01-05.41.10:588][  0]LogConfig: Setting CVar [[r.Upscale.Quality:3]]
[2019.11.01-05.41.10:588][  0]LogConfig: Setting CVar [[r.Tonemapper.GrainQuantization:1]]
[2019.11.01-05.41.10:588][  0]LogConfig: Setting CVar [[r.LightShaftQuality:1]]
[2019.11.01-05.41.10:588][  0]LogConfig: Setting CVar [[r.Filter.SizeScale:1]]
[2019.11.01-05.41.10:588][  0]LogConfig: Setting CVar [[r.Tonemapper.Quality:5]]
[2019.11.01-05.41.10:588][  0]LogConfig: Setting CVar [[r.DOF.Gather.AccumulatorQuality:1        ; higher gathering accumulator quality]]
[2019.11.01-05.41.10:588][  0]LogConfig: Setting CVar [[r.DOF.Gather.PostfilterMethod:1          ; Median3x3 postfilering method]]
[2019.11.01-05.41.10:588][  0]LogConfig: Setting CVar [[r.DOF.Gather.EnableBokehSettings:0       ; no bokeh simulation when gathering]]
[2019.11.01-05.41.10:588][  0]LogConfig: Setting CVar [[r.DOF.Gather.RingCount:4                 ; medium number of samples when gathering]]
[2019.11.01-05.41.10:588][  0]LogConfig: Setting CVar [[r.DOF.Scatter.ForegroundCompositing:1    ; additive foreground scattering]]
[2019.11.01-05.41.10:588][  0]LogConfig: Setting CVar [[r.DOF.Scatter.BackgroundCompositing:2    ; additive background scattering]]
[2019.11.01-05.41.10:588][  0]LogConfig: Setting CVar [[r.DOF.Scatter.EnableBokehSettings:1      ; bokeh simulation when scattering]]
[2019.11.01-05.41.10:588][  0]LogConfig: Setting CVar [[r.DOF.Scatter.MaxSpriteRatio:0.1         ; only a maximum of 10% of scattered bokeh]]
[2019.11.01-05.41.10:588][  0]LogConfig: Setting CVar [[r.DOF.Recombine.Quality:1                ; cheap slight out of focus]]
[2019.11.01-05.41.10:588][  0]LogConfig: Setting CVar [[r.DOF.Recombine.EnableBokehSettings:0    ; no bokeh simulation on slight out of focus]]
[2019.11.01-05.41.10:588][  0]LogConfig: Setting CVar [[r.DOF.TemporalAAQuality:1                ; more stable temporal accumulation]]
[2019.11.01-05.41.10:588][  0]LogConfig: Setting CVar [[r.DOF.Kernel.MaxForegroundRadius:0.025]]
[2019.11.01-05.41.10:588][  0]LogConfig: Setting CVar [[r.DOF.Kernel.MaxBackgroundRadius:0.025]]
[2019.11.01-05.41.10:588][  0]LogConfig: Applying CVar settings from Section [TextureQuality@3] File [D:/Github_Reps/SilentForest/Final-Project/MasterLevel/Saved/Config/Windows/Scalability.ini]
[2019.11.01-05.41.10:588][  0]LogConfig: Setting CVar [[r.Streaming.MipBias:0]]
[2019.11.01-05.41.10:588][  0]LogConfig: Setting CVar [[r.Streaming.AmortizeCPUToGPUCopy:0]]
[2019.11.01-05.41.10:588][  0]LogConfig: Setting CVar [[r.Streaming.MaxNumTexturesToStreamPerFrame:0]]
[2019.11.01-05.41.10:588][  0]LogConfig: Setting CVar [[r.Streaming.Boost:1]]
[2019.11.01-05.41.10:588][  0]LogConfig: Setting CVar [[r.MaxAnisotropy:8]]
[2019.11.01-05.41.10:588][  0]LogConfig: Setting CVar [[r.Streaming.LimitPoolSizeToVRAM:0]]
[2019.11.01-05.41.10:588][  0]LogConfig: Setting CVar [[r.Streaming.PoolSize:1000]]
[2019.11.01-05.41.10:588][  0]LogConfig: Setting CVar [[r.Streaming.MaxEffectiveScreenSize:0]]
[2019.11.01-05.41.10:588][  0]LogConfig: Applying CVar settings from Section [EffectsQuality@3] File [D:/Github_Reps/SilentForest/Final-Project/MasterLevel/Saved/Config/Windows/Scalability.ini]
[2019.11.01-05.41.10:588][  0]LogConfig: Setting CVar [[r.TranslucencyLightingVolumeDim:64]]
[2019.11.01-05.41.10:588][  0]LogConfig: Setting CVar [[r.RefractionQuality:2]]
[2019.11.01-05.41.10:588][  0]LogConfig: Setting CVar [[r.SSR.Quality:3]]
[2019.11.01-05.41.10:588][  0]LogConfig: Setting CVar [[r.SceneColorFormat:4]]
[2019.11.01-05.41.10:588][  0]LogConfig: Setting CVar [[r.DetailMode:2]]
[2019.11.01-05.41.10:588][  0]LogConfig: Setting CVar [[r.TranslucencyVolumeBlur:1]]
[2019.11.01-05.41.10:588][  0]LogConfig: Setting CVar [[r.MaterialQualityLevel:1 ; High quality]]
[2019.11.01-05.41.10:588][  0]LogConfig: Setting CVar [[r.SSS.Scale:1]]
[2019.11.01-05.41.10:588][  0]LogConfig: Setting CVar [[r.SSS.SampleSet:2]]
[2019.11.01-05.41.10:588][  0]LogConfig: Setting CVar [[r.SSS.Quality:1]]
[2019.11.01-05.41.10:588][  0]LogConfig: Setting CVar [[r.SSS.HalfRes:1]]
[2019.11.01-05.41.10:588][  0]LogConfig: Setting CVar [[r.EmitterSpawnRateScale:1.0]]
[2019.11.01-05.41.10:588][  0]LogConfig: Setting CVar [[r.ParticleLightQuality:2]]
[2019.11.01-05.41.10:588][  0]LogConfig: Applying CVar settings from Section [FoliageQuality@3] File [D:/Github_Reps/SilentForest/Final-Project/MasterLevel/Saved/Config/Windows/Scalability.ini]
[2019.11.01-05.41.10:588][  0]LogConfig: Setting CVar [[foliage.DensityScale:1.0]]
[2019.11.01-05.41.10:588][  0]LogConfig: Setting CVar [[grass.DensityScale:1.0]]
[2019.11.01-05.41.10:589][  0]LogInit: Selected Device Profile: [Windows]
[2019.11.01-05.41.10:589][  0]LogInit: Applying CVar settings loaded from the selected device profile: [Windows]
[2019.11.01-05.41.10:599][  0]LogHAL: Display: Platform has ~ 32 GB [34271346688 / 34359738368 / 32], which maps to Largest [LargestMinGB=32, LargerMinGB=12, DefaultMinGB=8, SmallerMinGB=6, SmallestMinGB=0)
[2019.11.01-05.41.10:599][  0]LogConfig: Setting CVar [[r.Vulkan.UseRealUBs:0		; Required until we fix HLR fall-out]]
[2019.11.01-05.41.10:599][  0]LogInit: Going up to parent DeviceProfile []
[2019.11.01-05.41.10:600][  0]LogConfig: Applying CVar settings from Section [ViewDistanceQuality@3] File [D:/Github_Reps/SilentForest/Final-Project/MasterLevel/Saved/Config/Windows/Scalability.ini]
[2019.11.01-05.41.10:600][  0]LogConfig: Setting CVar [[r.SkeletalMeshLODBias:0]]
[2019.11.01-05.41.10:600][  0]LogConfig: Setting CVar [[r.ViewDistanceScale:1.0]]
[2019.11.01-05.41.10:600][  0]LogConfig: Applying CVar settings from Section [AntiAliasingQuality@3] File [D:/Github_Reps/SilentForest/Final-Project/MasterLevel/Saved/Config/Windows/Scalability.ini]
[2019.11.01-05.41.10:600][  0]LogConfig: Setting CVar [[r.PostProcessAAQuality:4]]
[2019.11.01-05.41.10:600][  0]LogConfig: Applying CVar settings from Section [ShadowQuality@3] File [D:/Github_Reps/SilentForest/Final-Project/MasterLevel/Saved/Config/Windows/Scalability.ini]
[2019.11.01-05.41.10:600][  0]LogConfig: Setting CVar [[r.LightFunctionQuality:1]]
[2019.11.01-05.41.10:600][  0]LogConfig: Setting CVar [[r.ShadowQuality:5]]
[2019.11.01-05.41.10:600][  0]LogConfig: Setting CVar [[r.Shadow.CSM.MaxCascades:10]]
[2019.11.01-05.41.10:600][  0]LogConfig: Setting CVar [[r.Shadow.MaxResolution:2048]]
[2019.11.01-05.41.10:600][  0]LogConfig: Setting CVar [[r.Shadow.MaxCSMResolution:2048]]
[2019.11.01-05.41.10:600][  0]LogConfig: Setting CVar [[r.Shadow.RadiusThreshold:0.01]]
[2019.11.01-05.41.10:600][  0]LogConfig: Setting CVar [[r.Shadow.DistanceScale:1.0]]
[2019.11.01-05.41.10:600][  0]LogConfig: Setting CVar [[r.Shadow.CSM.TransitionScale:1.0]]
[2019.11.01-05.41.10:600][  0]LogConfig: Setting CVar [[r.Shadow.PreShadowResolutionFactor:1.0]]
[2019.11.01-05.41.10:600][  0]LogConfig: Setting CVar [[r.DistanceFieldShadowing:1]]
[2019.11.01-05.41.10:600][  0]LogConfig: Setting CVar [[r.DistanceFieldAO:1]]
[2019.11.01-05.41.10:600][  0]LogConfig: Setting CVar [[r.AOQuality:2]]
[2019.11.01-05.41.10:600][  0]LogConfig: Setting CVar [[r.VolumetricFog:1]]
[2019.11.01-05.41.10:600][  0]LogConfig: Setting CVar [[r.VolumetricFog.GridPixelSize:8]]
[2019.11.01-05.41.10:600][  0]LogConfig: Setting CVar [[r.VolumetricFog.GridSizeZ:128]]
[2019.11.01-05.41.10:600][  0]LogConfig: Setting CVar [[r.VolumetricFog.HistoryMissSupersampleCount:4]]
[2019.11.01-05.41.10:600][  0]LogConfig: Setting CVar [[r.LightMaxDrawDistanceScale:1]]
[2019.11.01-05.41.10:600][  0]LogConfig: Setting CVar [[r.CapsuleShadows:1]]
[2019.11.01-05.41.10:600][  0]LogConfig: Applying CVar settings from Section [PostProcessQuality@3] File [D:/Github_Reps/SilentForest/Final-Project/MasterLevel/Saved/Config/Windows/Scalability.ini]
[2019.11.01-05.41.10:600][  0]LogConfig: Setting CVar [[r.MotionBlurQuality:4]]
[2019.11.01-05.41.10:600][  0]LogConfig: Setting CVar [[r.AmbientOcclusionMipLevelFactor:0.4]]
[2019.11.01-05.41.10:600][  0]LogConfig: Setting CVar [[r.AmbientOcclusionMaxQuality:100]]
[2019.11.01-05.41.10:600][  0]LogConfig: Setting CVar [[r.AmbientOcclusionLevels:-1]]
[2019.11.01-05.41.10:600][  0]LogConfig: Setting CVar [[r.AmbientOcclusionRadiusScale:1.0]]
[2019.11.01-05.41.10:600][  0]LogConfig: Setting CVar [[r.DepthOfFieldQuality:2]]
[2019.11.01-05.41.10:600][  0]LogConfig: Setting CVar [[r.RenderTargetPoolMin:400]]
[2019.11.01-05.41.10:600][  0]LogConfig: Setting CVar [[r.LensFlareQuality:2]]
[2019.11.01-05.41.10:600][  0]LogConfig: Setting CVar [[r.SceneColorFringeQuality:1]]
[2019.11.01-05.41.10:600][  0]LogConfig: Setting CVar [[r.EyeAdaptationQuality:2]]
[2019.11.01-05.41.10:600][  0]LogConfig: Setting CVar [[r.BloomQuality:5]]
[2019.11.01-05.41.10:600][  0]LogConfig: Setting CVar [[r.FastBlurThreshold:100]]
[2019.11.01-05.41.10:600][  0]LogConfig: Setting CVar [[r.Upscale.Quality:3]]
[2019.11.01-05.41.10:600][  0]LogConfig: Setting CVar [[r.Tonemapper.GrainQuantization:1]]
[2019.11.01-05.41.10:600][  0]LogConfig: Setting CVar [[r.LightShaftQuality:1]]
[2019.11.01-05.41.10:600][  0]LogConfig: Setting CVar [[r.Filter.SizeScale:1]]
[2019.11.01-05.41.10:600][  0]LogConfig: Setting CVar [[r.Tonemapper.Quality:5]]
[2019.11.01-05.41.10:600][  0]LogConfig: Setting CVar [[r.DOF.Gather.AccumulatorQuality:1        ; higher gathering accumulator quality]]
[2019.11.01-05.41.10:600][  0]LogConfig: Setting CVar [[r.DOF.Gather.PostfilterMethod:1          ; Median3x3 postfilering method]]
[2019.11.01-05.41.10:600][  0]LogConfig: Setting CVar [[r.DOF.Gather.EnableBokehSettings:0       ; no bokeh simulation when gathering]]
[2019.11.01-05.41.10:600][  0]LogConfig: Setting CVar [[r.DOF.Gather.RingCount:4                 ; medium number of samples when gathering]]
[2019.11.01-05.41.10:600][  0]LogConfig: Setting CVar [[r.DOF.Scatter.ForegroundCompositing:1    ; additive foreground scattering]]
[2019.11.01-05.41.10:600][  0]LogConfig: Setting CVar [[r.DOF.Scatter.BackgroundCompositing:2    ; additive background scattering]]
[2019.11.01-05.41.10:600][  0]LogConfig: Setting CVar [[r.DOF.Scatter.EnableBokehSettings:1      ; bokeh simulation when scattering]]
[2019.11.01-05.41.10:600][  0]LogConfig: Setting CVar [[r.DOF.Scatter.MaxSpriteRatio:0.1         ; only a maximum of 10% of scattered bokeh]]
[2019.11.01-05.41.10:600][  0]LogConfig: Setting CVar [[r.DOF.Recombine.Quality:1                ; cheap slight out of focus]]
[2019.11.01-05.41.10:600][  0]LogConfig: Setting CVar [[r.DOF.Recombine.EnableBokehSettings:0    ; no bokeh simulation on slight out of focus]]
[2019.11.01-05.41.10:600][  0]LogConfig: Setting CVar [[r.DOF.TemporalAAQuality:1                ; more stable temporal accumulation]]
[2019.11.01-05.41.10:600][  0]LogConfig: Setting CVar [[r.DOF.Kernel.MaxForegroundRadius:0.025]]
[2019.11.01-05.41.10:600][  0]LogConfig: Setting CVar [[r.DOF.Kernel.MaxBackgroundRadius:0.025]]
[2019.11.01-05.41.10:600][  0]LogConfig: Applying CVar settings from Section [TextureQuality@3] File [D:/Github_Reps/SilentForest/Final-Project/MasterLevel/Saved/Config/Windows/Scalability.ini]
[2019.11.01-05.41.10:600][  0]LogConfig: Setting CVar [[r.Streaming.MipBias:0]]
[2019.11.01-05.41.10:600][  0]LogConfig: Setting CVar [[r.Streaming.AmortizeCPUToGPUCopy:0]]
[2019.11.01-05.41.10:600][  0]LogConfig: Setting CVar [[r.Streaming.MaxNumTexturesToStreamPerFrame:0]]
[2019.11.01-05.41.10:600][  0]LogConfig: Setting CVar [[r.Streaming.Boost:1]]
[2019.11.01-05.41.10:600][  0]LogConfig: Setting CVar [[r.MaxAnisotropy:8]]
[2019.11.01-05.41.10:600][  0]LogConfig: Setting CVar [[r.Streaming.LimitPoolSizeToVRAM:0]]
[2019.11.01-05.41.10:600][  0]LogConfig: Setting CVar [[r.Streaming.PoolSize:1000]]
[2019.11.01-05.41.10:600][  0]LogConfig: Setting CVar [[r.Streaming.MaxEffectiveScreenSize:0]]
[2019.11.01-05.41.10:600][  0]LogConfig: Applying CVar settings from Section [EffectsQuality@3] File [D:/Github_Reps/SilentForest/Final-Project/MasterLevel/Saved/Config/Windows/Scalability.ini]
[2019.11.01-05.41.10:600][  0]LogConfig: Setting CVar [[r.TranslucencyLightingVolumeDim:64]]
[2019.11.01-05.41.10:600][  0]LogConfig: Setting CVar [[r.RefractionQuality:2]]
[2019.11.01-05.41.10:600][  0]LogConfig: Setting CVar [[r.SSR.Quality:3]]
[2019.11.01-05.41.10:600][  0]LogConfig: Setting CVar [[r.SceneColorFormat:4]]
[2019.11.01-05.41.10:600][  0]LogConfig: Setting CVar [[r.DetailMode:2]]
[2019.11.01-05.41.10:600][  0]LogConfig: Setting CVar [[r.TranslucencyVolumeBlur:1]]
[2019.11.01-05.41.10:600][  0]LogConfig: Setting CVar [[r.MaterialQualityLevel:1 ; High quality]]
[2019.11.01-05.41.10:600][  0]LogConfig: Setting CVar [[r.SSS.Scale:1]]
[2019.11.01-05.41.10:600][  0]LogConfig: Setting CVar [[r.SSS.SampleSet:2]]
[2019.11.01-05.41.10:600][  0]LogConfig: Setting CVar [[r.SSS.Quality:1]]
[2019.11.01-05.41.10:600][  0]LogConfig: Setting CVar [[r.SSS.HalfRes:1]]
[2019.11.01-05.41.10:600][  0]LogConfig: Setting CVar [[r.EmitterSpawnRateScale:1.0]]
[2019.11.01-05.41.10:600][  0]LogConfig: Setting CVar [[r.ParticleLightQuality:2]]
[2019.11.01-05.41.10:600][  0]LogConfig: Applying CVar settings from Section [FoliageQuality@3] File [D:/Github_Reps/SilentForest/Final-Project/MasterLevel/Saved/Config/Windows/Scalability.ini]
[2019.11.01-05.41.10:600][  0]LogConfig: Setting CVar [[foliage.DensityScale:1.0]]
[2019.11.01-05.41.10:600][  0]LogConfig: Setting CVar [[grass.DensityScale:1.0]]
[2019.11.01-05.41.10:600][  0]LogConfig: Applying CVar settings from Section [Startup] File [../../../Engine/Config/ConsoleVariables.ini]
[2019.11.01-05.41.10:601][  0]LogConfig: Setting CVar [[net.UseAdaptiveNetUpdateFrequency:0]]
[2019.11.01-05.41.10:601][  0]LogConfig: Setting CVar [[p.chaos.AllowCreatePhysxBodies:1]]
[2019.11.01-05.41.10:601][  0]LogConfig: Applying CVar settings from Section [ConsoleVariables] File [D:/Github_Reps/SilentForest/Final-Project/MasterLevel/Saved/Config/Windows/Engine.ini]
[2019.11.01-05.41.10:601][  0]LogInit: Computer: DESKTOP-8A8SOKM
[2019.11.01-05.41.10:601][  0]LogInit: User: incz1
[2019.11.01-05.41.10:601][  0]LogInit: CPU Page size=4096, Cores=8
[2019.11.01-05.41.10:601][  0]LogInit: High frequency timer resolution =10.000000 MHz
[2019.11.01-05.41.10:601][  0]LogMemory: Memory total: Physical=31.9GB (32GB approx)
[2019.11.01-05.41.10:601][  0]LogMemory: Platform Memory Stats for Windows
[2019.11.01-05.41.10:601][  0]LogMemory: Process Physical Memory: 99.31 MB used, 99.32 MB peak
[2019.11.01-05.41.10:601][  0]LogMemory: Process Virtual Memory: 94.83 MB used, 94.83 MB peak
[2019.11.01-05.41.10:601][  0]LogMemory: Physical Memory: 6981.93 MB used,  25701.78 MB free, 32683.70 MB total
[2019.11.01-05.41.10:601][  0]LogMemory: Virtual Memory: 4695.16 MB used,  134213032.00 MB free, 134217728.00 MB total
[2019.11.01-05.41.10:615][  0]LogInit: Using OS detected language (en-US).
[2019.11.01-05.41.10:615][  0]LogInit: Using OS detected locale (en-US).
[2019.11.01-05.41.10:615][  0]LogTextLocalizationManager: No specific localization for 'en-US' exists, so the 'en' localization will be used.
[2019.11.01-05.41.10:753][  0]LogInit: Setting process to per monitor DPI aware
[2019.11.01-05.41.10:799][  0]LogSlate: New Slate User Created.  User Index 0, Is Virtual User: 0
[2019.11.01-05.41.10:799][  0]LogSlate: Slate User Registered.  User Index 0, Is Virtual User: 0
[2019.11.01-05.41.10:925][  0]LogHMD: Failed to initialize OpenVR with code 110
[2019.11.01-05.41.10:925][  0]LogD3D11RHI: D3D11 adapters:
[2019.11.01-05.41.10:996][  0]LogD3D11RHI:    0. 'NVIDIA GeForce GTX 1070' (Feature Level 11_0)
[2019.11.01-05.41.10:996][  0]LogD3D11RHI:       8088/0/16341 MB DedicatedVideo/DedicatedSystem/SharedSystem, Outputs:1, VendorId:0x10de
[2019.11.01-05.41.11:052][  0]LogD3D11RHI:    1. 'NVIDIA GeForce GTX 1070' (Feature Level 11_0)
[2019.11.01-05.41.11:053][  0]LogD3D11RHI:       8088/0/16341 MB DedicatedVideo/DedicatedSystem/SharedSystem, Outputs:1, VendorId:0x10de
[2019.11.01-05.41.11:054][  0]LogD3D11RHI:    2. 'Microsoft Basic Render Driver' (Feature Level 11_0)
[2019.11.01-05.41.11:054][  0]LogD3D11RHI:       0/0/16341 MB DedicatedVideo/DedicatedSystem/SharedSystem, Outputs:0, VendorId:0x1414
[2019.11.01-05.41.11:054][  0]LogD3D11RHI: Chosen D3D11 Adapter: 0
[2019.11.01-05.41.11:062][  0]LogD3D11RHI: Creating new Direct3DDevice
[2019.11.01-05.41.11:062][  0]LogD3D11RHI:     GPU DeviceId: 0x1b81 (for the marketing name, search the web for "GPU Device Id")
[2019.11.01-05.41.11:062][  0]LogWindows: EnumDisplayDevices:
[2019.11.01-05.41.11:062][  0]LogWindows:    0. 'NVIDIA GeForce GTX 1070' (P:1 D:1)
[2019.11.01-05.41.11:062][  0]LogWindows:    1. 'NVIDIA GeForce GTX 1070' (P:0 D:0)
[2019.11.01-05.41.11:062][  0]LogWindows:    2. 'NVIDIA GeForce GTX 1070' (P:0 D:0)
[2019.11.01-05.41.11:062][  0]LogWindows:    3. 'NVIDIA GeForce GTX 1070' (P:0 D:0)
[2019.11.01-05.41.11:062][  0]LogWindows:    4. 'NVIDIA GeForce GTX 1070' (P:0 D:1)
[2019.11.01-05.41.11:063][  0]LogWindows:    5. 'NVIDIA GeForce GTX 1070' (P:0 D:0)
[2019.11.01-05.41.11:063][  0]LogWindows:    6. 'NVIDIA GeForce GTX 1070' (P:0 D:0)
[2019.11.01-05.41.11:063][  0]LogWindows:    7. 'NVIDIA GeForce GTX 1070' (P:0 D:0)
[2019.11.01-05.41.11:063][  0]LogWindows: DebugString: FoundDriverCount:8 
[2019.11.01-05.41.11:063][  0]LogD3D11RHI:     Adapter Name: NVIDIA GeForce GTX 1070
[2019.11.01-05.41.11:063][  0]LogD3D11RHI:   Driver Version: 436.48 (internal:26.21.14.3648, unified:436.48)
[2019.11.01-05.41.11:063][  0]LogD3D11RHI:      Driver Date: 9-26-2019
[2019.11.01-05.41.11:063][  0]LogRHI: Texture pool is 5661 MB (70% of 8088 MB)
[2019.11.01-05.41.11:096][  0]LogD3D11RHI: Async texture creation enabled
[2019.11.01-05.41.11:100][  0]LogRendererCore: FGlobalReadBuffer::InitRHI
[2019.11.01-05.41.11:100][  0]LogRendererCore: FGlobalReadBuffer::InitRHI
[2019.11.01-05.41.11:100][  0]LogRendererCore: FGlobalReadBuffer::InitRHI
[2019.11.01-05.41.11:108][  0]LogD3D11RHI: GPU Timing Frequency: 1000.000000 (Debug: 2 1)
[2019.11.01-05.41.11:374][  0]LogTemp: Display: Module 'AllDesktopTargetPlatform' loaded TargetPlatform 'AllDesktop'
[2019.11.01-05.41.11:385][  0]LogTemp: Display: Module 'MacClientTargetPlatform' loaded TargetPlatform 'MacClient'
[2019.11.01-05.41.11:396][  0]LogTemp: Display: Module 'MacNoEditorTargetPlatform' loaded TargetPlatform 'MacNoEditor'
[2019.11.01-05.41.11:407][  0]LogTemp: Display: Module 'MacServerTargetPlatform' loaded TargetPlatform 'MacServer'
[2019.11.01-05.41.11:418][  0]LogTemp: Display: Module 'MacTargetPlatform' loaded TargetPlatform 'Mac'
[2019.11.01-05.41.11:429][  0]LogTemp: Display: Module 'WindowsClientTargetPlatform' loaded TargetPlatform 'WindowsClient'
[2019.11.01-05.41.11:440][  0]LogTemp: Display: Module 'WindowsNoEditorTargetPlatform' loaded TargetPlatform 'WindowsNoEditor'
[2019.11.01-05.41.11:451][  0]LogTemp: Display: Module 'WindowsServerTargetPlatform' loaded TargetPlatform 'WindowsServer'
[2019.11.01-05.41.11:456][  0]LogTemp: Display: Module 'WindowsTargetPlatform' loaded TargetPlatform 'Windows'
[2019.11.01-05.41.11:522][  0]LogTemp: Display: Module 'AndroidTargetPlatform' loaded TargetPlatform 'Android'
[2019.11.01-05.41.11:522][  0]LogTemp: Display: Module 'AndroidTargetPlatform' loaded TargetPlatform 'Android_ASTC'
[2019.11.01-05.41.11:522][  0]LogTemp: Display: Module 'AndroidTargetPlatform' loaded TargetPlatform 'Android_ATC'
[2019.11.01-05.41.11:522][  0]LogTemp: Display: Module 'AndroidTargetPlatform' loaded TargetPlatform 'Android_DXT'
[2019.11.01-05.41.11:522][  0]LogTemp: Display: Module 'AndroidTargetPlatform' loaded TargetPlatform 'Android_ETC1'
[2019.11.01-05.41.11:522][  0]LogTemp: Display: Module 'AndroidTargetPlatform' loaded TargetPlatform 'Android_ETC1a'
[2019.11.01-05.41.11:522][  0]LogTemp: Display: Module 'AndroidTargetPlatform' loaded TargetPlatform 'Android_ETC2'
[2019.11.01-05.41.11:522][  0]LogTemp: Display: Module 'AndroidTargetPlatform' loaded TargetPlatform 'Android_PVRTC'
[2019.11.01-05.41.11:522][  0]LogTemp: Display: Module 'AndroidTargetPlatform' loaded TargetPlatform 'AndroidClient'
[2019.11.01-05.41.11:522][  0]LogTemp: Display: Module 'AndroidTargetPlatform' loaded TargetPlatform 'Android_ASTCClient'
[2019.11.01-05.41.11:522][  0]LogTemp: Display: Module 'AndroidTargetPlatform' loaded TargetPlatform 'Android_ATCClient'
[2019.11.01-05.41.11:522][  0]LogTemp: Display: Module 'AndroidTargetPlatform' loaded TargetPlatform 'Android_DXTClient'
[2019.11.01-05.41.11:522][  0]LogTemp: Display: Module 'AndroidTargetPlatform' loaded TargetPlatform 'Android_ETC1Client'
[2019.11.01-05.41.11:522][  0]LogTemp: Display: Module 'AndroidTargetPlatform' loaded TargetPlatform 'Android_ETC1aClient'
[2019.11.01-05.41.11:522][  0]LogTemp: Display: Module 'AndroidTargetPlatform' loaded TargetPlatform 'Android_ETC2Client'
[2019.11.01-05.41.11:522][  0]LogTemp: Display: Module 'AndroidTargetPlatform' loaded TargetPlatform 'Android_PVRTCClient'
[2019.11.01-05.41.11:522][  0]LogTemp: Display: Module 'AndroidTargetPlatform' loaded TargetPlatform 'Android_Multi'
[2019.11.01-05.41.11:522][  0]LogTemp: Display: Module 'AndroidTargetPlatform' loaded TargetPlatform 'Android_MultiClient'
[2019.11.01-05.41.11:524][  0]LogTemp: Display: Module 'HTML5TargetPlatform' loaded TargetPlatform 'HTML5'
[2019.11.01-05.41.11:574][  0]LogTemp: Display: Module 'IOSTargetPlatform' loaded TargetPlatform 'IOSClient'
[2019.11.01-05.41.11:574][  0]LogTemp: Display: Module 'IOSTargetPlatform' loaded TargetPlatform 'IOS'
[2019.11.01-05.41.11:593][  0]LogTemp: Display: Module 'TVOSTargetPlatform' loaded TargetPlatform 'TVOSClient'
[2019.11.01-05.41.11:593][  0]LogTemp: Display: Module 'TVOSTargetPlatform' loaded TargetPlatform 'TVOS'
[2019.11.01-05.41.11:604][  0]LogTemp: Display: Module 'LinuxClientTargetPlatform' loaded TargetPlatform 'LinuxClient'
[2019.11.01-05.41.11:614][  0]LogTemp: Display: Module 'LinuxNoEditorTargetPlatform' loaded TargetPlatform 'LinuxNoEditor'
[2019.11.01-05.41.11:625][  0]LogTemp: Display: Module 'LinuxServerTargetPlatform' loaded TargetPlatform 'LinuxServer'
[2019.11.01-05.41.11:636][  0]LogTemp: Display: Module 'LinuxTargetPlatform' loaded TargetPlatform 'Linux'
[2019.11.01-05.41.11:674][  0]LogTemp: Display: Module 'LuminTargetPlatform' loaded TargetPlatform 'Lumin'
[2019.11.01-05.41.11:674][  0]LogTemp: Display: Module 'LuminTargetPlatform' loaded TargetPlatform 'LuminClient'
[2019.11.01-05.41.11:674][  0]LogTargetPlatformManager: Display: Building Assets For Windows
[2019.11.01-05.41.11:682][  0]LogAudioDebug: Display: Lib vorbis DLL was dynamically loaded.
[2019.11.01-05.41.11:709][  0]LogShaderCompilers: Guid format shader working directory is -17 characters bigger than the processId version (../../../../Github_Reps/SilentForest/Final-Project/MasterLevel/Intermediate/Shaders/WorkingDirectory/14776/).
[2019.11.01-05.41.11:709][  0]LogShaderCompilers: Cleaned the shader compiler working directory 'C:/Users/incz1/AppData/Local/Temp/UnrealShaderWorkingDir/46FB792D4A66A53AC333369A9525C69B/'.
[2019.11.01-05.41.11:710][  0]LogXGEController: Cannot use XGE Controller as Incredibuild is not installed on this machine.
[2019.11.01-05.41.11:710][  0]LogShaderCompilers: Cannot use XGE Shader Compiler as Incredibuild is not installed on this machine.
[2019.11.01-05.41.11:710][  0]LogShaderCompilers: Display: Using Local Shader Compiler.
[2019.11.01-05.41.12:203][  0]LogDerivedDataCache: Display: Max Cache Size: 512 MB
[2019.11.01-05.41.12:246][  0]LogDerivedDataCache: Loaded boot cache 0.04s 71MB C:/Users/incz1/AppData/Local/UnrealEngine/4.22/DerivedDataCache/Boot.ddc.
[2019.11.01-05.41.12:246][  0]LogDerivedDataCache: Display: Loaded Boot cache: C:/Users/incz1/AppData/Local/UnrealEngine/4.22/DerivedDataCache/Boot.ddc
[2019.11.01-05.41.12:246][  0]LogDerivedDataCache: FDerivedDataBackendGraph:  Pak pak cache file ../../../../Github_Reps/SilentForest/Final-Project/MasterLevel/DerivedDataCache/DDC.ddp not found, will not use a pak cache.
[2019.11.01-05.41.12:246][  0]LogDerivedDataCache: Unable to find inner node Pak for hierarchical cache Hierarchy.
[2019.11.01-05.41.12:246][  0]LogDerivedDataCache: FDerivedDataBackendGraph:  CompressedPak pak cache file ../../../../Github_Reps/SilentForest/Final-Project/MasterLevel/DerivedDataCache/Compressed.ddp not found, will not use a pak cache.
[2019.11.01-05.41.12:246][  0]LogDerivedDataCache: Unable to find inner node CompressedPak for hierarchical cache Hierarchy.
[2019.11.01-05.41.12:258][  0]LogDerivedDataCache: Display: Pak cache opened for reading ../../../Engine/DerivedDataCache/Compressed.ddp.
[2019.11.01-05.41.12:258][  0]LogDerivedDataCache: FDerivedDataBackendGraph:  EnterprisePak pak cache file ../../../Enterprise/DerivedDataCache/Compressed.ddp not found, will not use a pak cache.
[2019.11.01-05.41.12:258][  0]LogDerivedDataCache: Unable to find inner node EnterprisePak for hierarchical cache Hierarchy.
[2019.11.01-05.41.12:270][  0]LogDerivedDataCache: Using Local data cache path C:/Users/incz1/AppData/Local/UnrealEngine/Common/DerivedDataCache: Writable
[2019.11.01-05.41.12:270][  0]LogDerivedDataCache: Shared data cache path not found in *engine.ini, will not use an Shared cache.
[2019.11.01-05.41.12:270][  0]LogDerivedDataCache: Unable to find inner node Shared for hierarchical cache Hierarchy.
[2019.11.01-05.41.12:287][  0]LogMaterial: Verifying Global Shaders for PCD3D_SM5
[2019.11.01-05.41.12:288][  0]LogSlate: Using FreeType 2.6.0
[2019.11.01-05.41.12:289][  0]LogSlate: SlateFontServices - WITH_FREETYPE: 1, WITH_HARFBUZZ: 1
[2019.11.01-05.41.12:359][  0]LogAssetRegistry: FAssetRegistry took 0.0317 seconds to start up
[2019.11.01-05.41.12:624][  0]LogInit: Selected Device Profile: [Windows]
[2019.11.01-05.41.12:732][  0]LogMeshReduction: Using QuadricMeshReduction for automatic static mesh reduction
[2019.11.01-05.41.12:732][  0]LogMeshReduction: Using SimplygonMeshReduction for automatic skeletal mesh reduction
[2019.11.01-05.41.12:732][  0]LogMeshReduction: Using ProxyLODMeshReduction for automatic mesh merging
[2019.11.01-05.41.12:732][  0]LogMeshReduction: No distributed automatic mesh merging module available
[2019.11.01-05.41.12:732][  0]LogMeshMerging: No distributed automatic mesh merging module available
[2019.11.01-05.41.12:740][  0]LogNetVersion: MasterLevel 1.0.0, NetCL: 5660361, EngineNetVer: 10, GameNetVer: 0 (Checksum: 3084955713)
[2019.11.01-05.41.13:052][  0]LogPackageLocalizationCache: Processed 11 localized package path(s) for 1 prioritized culture(s) in 0.030791 seconds
[2019.11.01-05.41.13:057][  0]LogUObjectArray: 42205 objects as part of root set at end of initial load.
[2019.11.01-05.41.13:057][  0]LogUObjectAllocator: 7325032 out of 0 bytes used by permanent object pool.
[2019.11.01-05.41.13:057][  0]LogUObjectArray: CloseDisregardForGC: 0/0 objects in disregard for GC pool
[2019.11.01-05.41.13:678][  0]LogTcpMessaging: Initializing TcpMessaging bridge
[2019.11.01-05.41.13:691][  0]LogUdpMessaging: Initializing bridge on interface 0.0.0.0:0 to multicast group 230.0.0.1:6666.
[2019.11.01-05.41.13:784][  0]SourceControl: Source control is disabled
[2019.11.01-05.41.14:091][  0]LogVSAccessor: Display: Unable to create Visual Studio setup instance: 80040154
[2019.11.01-05.41.14:092][  0]LogVSAccessor: Display: Unable to create Visual Studio setup instance: 80040154
[2019.11.01-05.41.14:135][  0]LogAndroidPermission: UAndroidPermissionCallbackProxy::GetInstance
[2019.11.01-05.41.14:263][  0]LogHoudiniEngine: Starting the Houdini Engine module.
[2019.11.01-05.41.14:263][  0]LogHoudiniEngine: Loaded libHAPIL.dll from Registry path D:/SideFX/bin
[2019.11.01-05.41.14:263][  0]LogLinker: Warning: Asset '../../Plugins/Runtime/HoudiniEngine/Content/houdini_logo.uasset' has been saved with empty engine version. The asset will be loaded but may be incompatible.
[2019.11.01-05.41.14:265][  0]LogLinker: Warning: Asset '../../Plugins/Runtime/HoudiniEngine/Content/houdini_default_material.uasset' has been saved with empty engine version. The asset will be loaded but may be incompatible.
[2019.11.01-05.41.14:271][  0]LogLinker: Warning: Asset '../../Plugins/Runtime/HoudiniEngine/Content/houdini_bgeo_import.uasset' has been saved with empty engine version. The asset will be loaded but may be incompatible.
[2019.11.01-05.41.14:286][  0]LogOcInput: OculusInput pre-init called
[2019.11.01-05.41.14:887][  0]LogEngine: Initializing Engine...
[2019.11.01-05.41.14:888][  0]LogHMD: Failed to initialize OpenVR with code 110
[2019.11.01-05.41.14:888][  0]LogStats: UGameplayTagsManager::InitializeManager -  0.000 s
[2019.11.01-05.41.15:102][  0]LogInit: Initializing FReadOnlyCVARCache
[2019.11.01-05.41.15:109][  0]LogAIModule: Creating AISystem for world Untitled
[2019.11.01-05.41.15:166][  0]LogInit: XAudio2 using 'Headphones (6- Astro A50 Game)' : 6 channels at 48 kHz using 16 bits per sample (channel mask 0x60f)
[2019.11.01-05.41.15:180][  0]LogInit: FAudioDevice initialized.
[2019.11.01-05.41.15:180][  0]LogNetVersion: Set ProjectVersion to 2. Version Checksum will be recalculated on next use.
[2019.11.01-05.41.15:249][  0]LogDerivedDataCache: Saved boot cache 0.07s 71MB C:/Users/incz1/AppData/Local/UnrealEngine/4.22/DerivedDataCache/Boot.ddc.
[2019.11.01-05.41.15:260][  0]LogInit: Texture streaming: Enabled
[2019.11.01-05.41.15:270][  0]LogEngineSessionManager: EngineSessionManager initialized
[2019.11.01-05.41.15:285][  0]LogInit: Transaction tracking system initialized
[2019.11.01-05.41.15:296][  0]BlueprintLog: New page: Editor Load
[2019.11.01-05.41.15:355][  0]LocalizationService: Localization service is disabled
[2019.11.01-05.41.15:465][  0]LogVSAccessor: Display: Unable to create Visual Studio setup instance: 80040154
[2019.11.01-05.41.15:465][  0]LogVSAccessor: Display: Unable to create Visual Studio setup instance: 80040154
[2019.11.01-05.41.15:587][  0]LogCook: Display: Max memory allowance for cook 16384mb min free memory 0mb
[2019.11.01-05.41.15:587][  0]LogCook: Display: Mobile HDR setting 1
[2019.11.01-05.41.15:652][  0]LogFileCache: Scanning file cache for directory 'D:/Github_Reps/SilentForest/Final-Project/MasterLevel/Content/' took 0.02s
[2019.11.01-05.41.15:652][  0]LogHoudiniEngineEditor: Starting the Houdini Engine Editor module.
[2019.11.01-05.41.15:653][  0]LogHoudiniEngineEditor: Houdini Engine Editor module startup complete.
[2019.11.01-05.41.15:718][  0]Cmd: MAP LOAD FILE="../../../../Github_Reps/SilentForest/Final-Project/MasterLevel/Content/HorrorEngine/Maps/Overview.umap" TEMPLATE=0 SHOWPROGRESS=1 FEATURELEVEL=3
[2019.11.01-05.41.15:718][  0]LightingResults: New page: Lighting Build
[2019.11.01-05.41.15:720][  0]MapCheck: New page: Map Check
[2019.11.01-05.41.15:720][  0]LightingResults: New page: Lighting Build
[2019.11.01-05.41.15:750][  0]LogUObjectHash: Compacting FUObjectHashTables data took   2.03ms
[2019.11.01-05.41.15:899][  0]LogLinker: Warning: Unable to load PhysicsSerializer with outer InstancedStaticMeshComponent /Game/HorrorEngine/Blueprints/UsableAssets/Electronics/KeycardControl.KeycardControl_C:KeycardControl_GEN_VARIABLE because its class does not exist
[2019.11.01-05.41.15:941][  0]LogLinker: Can't find file '/Game/HorrorEngine/Textures/HUD/YouDied'
[2019.11.01-05.41.15:942][  0]LogLinker: Can't find file '/Game/HorrorEngine/Textures/HUD/YouDied'
[2019.11.01-05.41.16:466][  0]LogLinker: Warning: Unable to load PhysicsSerializer with outer InstancedStaticMeshComponent /Game/HorrorEngine/Blueprints/UsableAssets/DoorsAndFurnitures/LadderAdvanced.LadderAdvanced_C:LadderBottom_GEN_VARIABLE because its class does not exist
[2019.11.01-05.41.16:466][  0]LogLinker: Warning: Unable to load PhysicsSerializer with outer InstancedStaticMeshComponent /Game/HorrorEngine/Blueprints/UsableAssets/DoorsAndFurnitures/LadderAdvanced.LadderAdvanced_C:LadderConnect_GEN_VARIABLE because its class does not exist
[2019.11.01-05.41.16:466][  0]LogLinker: Warning: Unable to load PhysicsSerializer with outer InstancedStaticMeshComponent /Game/HorrorEngine/Blueprints/UsableAssets/DoorsAndFurnitures/LadderAdvanced.LadderAdvanced_C:LadderMiddle_GEN_VARIABLE because its class does not exist
[2019.11.01-05.41.16:466][  0]LogLinker: Warning: Unable to load PhysicsSerializer with outer InstancedStaticMeshComponent /Game/HorrorEngine/Blueprints/UsableAssets/DoorsAndFurnitures/LadderAdvanced.LadderAdvanced_C:LadderTop_GEN_VARIABLE because its class does not exist
[2019.11.01-05.41.23:739][  0]LogLinker: Warning: Can't find file '/Game/HorrorEngine/Blueprints/Structures/HorrorEvent/HorrorEventsMasterFix'
[2019.11.01-05.41.23:739][  0]LogLinker: Warning: Can't find file '/Game/HorrorEngine/Blueprints/Structures/HorrorEvent/HorrorEventsMasterFix'
[2019.11.01-05.41.23:740][  0]LogUObjectGlobals: Warning: Failed to find object 'Object /Game/HorrorEngine/Blueprints/Structures/HorrorEvent/HorrorEventsMasterFix.HorrorEventsMasterFix'
[2019.11.01-05.41.23:939][  0]LogLinker: Warning: Can't find file '/Game/HorrorEngine/Blueprints/Structures/HorrorEvent/HorrorEventFix'
[2019.11.01-05.41.23:939][  0]LogLinker: Warning: Can't find file '/Game/HorrorEngine/Blueprints/Structures/HorrorEvent/HorrorEventFix'
[2019.11.01-05.41.23:939][  0]LogUObjectGlobals: Warning: Failed to find object 'Object /Game/HorrorEngine/Blueprints/Structures/HorrorEvent/HorrorEventFix.HorrorEventFix'
[2019.11.01-05.41.24:101][  0]LogAIModule: Creating AISystem for world Overview
[2019.11.01-05.41.24:206][  0]Warning:  applied to a non-external Texture2D sampler. This may work by chance on some platforms but is not portable. Please change sampler type to 'External'. Parameter 'Texture' (slot 0) in material 'HE_TvGlow'
[2019.11.01-05.41.24:206][  0]Warning:  applied to a non-external Texture2D sampler. This may work by chance on some platforms but is not portable. Please change sampler type to 'External'. Parameter 'Texture' (slot 0) in material 'HE_TvGlow'
[2019.11.01-05.41.24:206][  0]Warning:  applied to a non-external Texture2D sampler. This may work by chance on some platforms but is not portable. Please change sampler type to 'External'. Parameter 'Texture' (slot 0) in material 'HE_TvGlow'
[2019.11.01-05.41.24:206][  0]Warning:  applied to a non-external Texture2D sampler. This may work by chance on some platforms but is not portable. Please change sampler type to 'External'. Parameter 'Texture' (slot 0) in material 'HE_VhsGlow'
[2019.11.01-05.41.24:206][  0]Warning:  applied to a non-external Texture2D sampler. This may work by chance on some platforms but is not portable. Please change sampler type to 'External'. Parameter 'Texture' (slot 0) in material 'HE_VhsGlow'
[2019.11.01-05.41.24:206][  0]Warning:  applied to a non-external Texture2D sampler. This may work by chance on some platforms but is not portable. Please change sampler type to 'External'. Parameter 'Texture' (slot 0) in material 'HE_VhsGlow'
[2019.11.01-05.41.24:206][  0]LogActorComponent: UnregisterComponent: (/Game/HorrorEngine/Maps/Overview.Overview:PersistentLevel.OldTv_938.TRASH_AudioComponent_4) Not registered. Aborting.
[2019.11.01-05.41.24:255][  0]LogActorComponent: UnregisterComponent: (/Game/HorrorEngine/Maps/Overview.Overview:PersistentLevel.Tv_602.TRASH_AudioComponent_5) Not registered. Aborting.
[2019.11.01-05.41.24:379][  0]LogEditorServer: Finished looking for orphan Actors (0.000 secs)
[2019.11.01-05.41.24:504][  0]LogUObjectHash: Compacting FUObjectHashTables data took   8.36ms
[2019.11.01-05.41.24:504][  0]Cmd: MAP CHECKDEP NOCLEARLOG
[2019.11.01-05.41.24:504][  0]MapCheck: Map check complete: 0 Error(s), 0 Warning(s), took 0.142ms to complete.
[2019.11.01-05.41.24:504][  0]LogFileHelpers: Loading map 'Overview' took 8.786
[2019.11.01-05.41.24:611][  0]LogSlate: Updating window title bar state: overlay mode, drag disabled, window buttons hidden, title bar hidden
[2019.11.01-05.41.24:618][  0]LogSlate: Updating window title bar state: overlay mode, drag disabled, window buttons hidden, title bar hidden
[2019.11.01-05.41.24:634][  0]LogSlate: Updating window title bar state: overlay mode, drag disabled, window buttons hidden, title bar hidden
[2019.11.01-05.41.24:640][  0]LogSlate: Updating window title bar state: overlay mode, drag disabled, window buttons hidden, title bar hidden
[2019.11.01-05.41.24:643][  0]LogCollectionManager: Loaded 0 collections in 0.000893 seconds
[2019.11.01-05.41.24:668][  0]LogFileCache: Scanning file cache for directory 'D:/Github_Reps/SilentForest/Final-Project/MasterLevel/Saved/Collections/' took 0.01s
[2019.11.01-05.41.24:668][  0]LogFileCache: Scanning file cache for directory 'D:/Github_Reps/SilentForest/Final-Project/MasterLevel/Content/Developers/incz1/Collections/' took 0.00s
[2019.11.01-05.41.24:668][  0]LogFileCache: Scanning file cache for directory 'D:/Github_Reps/SilentForest/Final-Project/MasterLevel/Content/Collections/' took 0.01s
[2019.11.01-05.41.24:668][  0]LogCollectionManager: Rebuilt the GUID cache for 0 collections in 0.000000 seconds
[2019.11.01-05.41.24:677][  0]LogContentBrowser: Native class hierarchy populated in 0.0085 seconds. Added 2769 classes and 666 folders.
[2019.11.01-05.41.24:680][  0]LogContentBrowser: Native class hierarchy updated for 'WidgetCarousel' in 0.0002 seconds. Added 0 classes and 0 folders.
[2019.11.01-05.41.24:681][  0]LogPakFile: Registered encryption key '00000000000000000000000000000000': 0 pak files mounted, 0 remain pending
[2019.11.01-05.41.24:682][  0]LogPakFile: Registered encryption key '00000000000000000000000000000000': 0 pak files mounted, 0 remain pending
[2019.11.01-05.41.24:682][  0]LogPakFile: Registered encryption key '00000000000000000000000000000000': 0 pak files mounted, 0 remain pending
[2019.11.01-05.41.24:682][  0]LogPakFile: Registered encryption key '00000000000000000000000000000000': 0 pak files mounted, 0 remain pending
[2019.11.01-05.41.24:683][  0]LogPakFile: Registered encryption key '00000000000000000000000000000000': 0 pak files mounted, 0 remain pending
[2019.11.01-05.41.24:683][  0]LogPakFile: Registered encryption key '00000000000000000000000000000000': 0 pak files mounted, 0 remain pending
[2019.11.01-05.41.24:683][  0]LogPakFile: Registered encryption key '00000000000000000000000000000000': 0 pak files mounted, 0 remain pending
[2019.11.01-05.41.24:684][  0]LogPakFile: Registered encryption key '00000000000000000000000000000000': 0 pak files mounted, 0 remain pending
[2019.11.01-05.41.24:684][  0]LogPakFile: Registered encryption key '00000000000000000000000000000000': 0 pak files mounted, 0 remain pending
[2019.11.01-05.41.24:684][  0]LogPakFile: Registered encryption key '00000000000000000000000000000000': 0 pak files mounted, 0 remain pending
[2019.11.01-05.41.24:685][  0]LogPakFile: Registered encryption key '00000000000000000000000000000000': 0 pak files mounted, 0 remain pending
[2019.11.01-05.41.24:685][  0]LogPakFile: Registered encryption key '00000000000000000000000000000000': 0 pak files mounted, 0 remain pending
[2019.11.01-05.41.24:685][  0]LogPakFile: Registered encryption key '00000000000000000000000000000000': 0 pak files mounted, 0 remain pending
[2019.11.01-05.41.24:686][  0]LogPakFile: Registered encryption key '00000000000000000000000000000000': 0 pak files mounted, 0 remain pending
[2019.11.01-05.41.24:686][  0]LogPakFile: Registered encryption key '00000000000000000000000000000000': 0 pak files mounted, 0 remain pending
[2019.11.01-05.41.24:686][  0]LogPakFile: Registered encryption key '00000000000000000000000000000000': 0 pak files mounted, 0 remain pending
[2019.11.01-05.41.24:686][  0]LogPakFile: Registered encryption key '00000000000000000000000000000000': 0 pak files mounted, 0 remain pending
[2019.11.01-05.41.24:687][  0]LogPakFile: Registered encryption key '00000000000000000000000000000000': 0 pak files mounted, 0 remain pending
[2019.11.01-05.41.24:687][  0]LogPakFile: Registered encryption key '00000000000000000000000000000000': 0 pak files mounted, 0 remain pending
[2019.11.01-05.41.24:687][  0]LogPakFile: Registered encryption key '00000000000000000000000000000000': 0 pak files mounted, 0 remain pending
[2019.11.01-05.41.24:688][  0]LogPakFile: Registered encryption key '00000000000000000000000000000000': 0 pak files mounted, 0 remain pending
[2019.11.01-05.41.24:688][  0]LogPakFile: Registered encryption key '00000000000000000000000000000000': 0 pak files mounted, 0 remain pending
[2019.11.01-05.41.24:688][  0]LogPakFile: Registered encryption key '00000000000000000000000000000000': 0 pak files mounted, 0 remain pending
[2019.11.01-05.41.24:689][  0]LogPakFile: Registered encryption key '00000000000000000000000000000000': 0 pak files mounted, 0 remain pending
[2019.11.01-05.41.24:689][  0]LogPakFile: Registered encryption key '00000000000000000000000000000000': 0 pak files mounted, 0 remain pending
[2019.11.01-05.41.24:689][  0]LogPakFile: Registered encryption key '00000000000000000000000000000000': 0 pak files mounted, 0 remain pending
[2019.11.01-05.41.24:708][  0]LogContentBrowser: Native class hierarchy updated for 'AddContentDialog' in 0.0002 seconds. Added 0 classes and 0 folders.
[2019.11.01-05.41.24:713][  0]LogContentBrowser: Native class hierarchy updated for 'SceneOutliner' in 0.0003 seconds. Added 1 classes and 2 folders.
[2019.11.01-05.41.24:934][  0]LogSlate: Took 0.000152 seconds to synchronously load lazily loaded font '../../../Engine/Content/Slate/Fonts/Roboto-Regular.ttf' (155K)
[2019.11.01-05.41.24:936][  0]LogSlate: Took 0.000105 seconds to synchronously load lazily loaded font '../../../Engine/Content/Slate/Fonts/Roboto-Bold.ttf' (160K)
[2019.11.01-05.41.24:939][  0]LogSlate: Took 0.000146 seconds to synchronously load lazily loaded font '../../../Engine/Content/Editor/Slate/Fonts/FontAwesome.ttf' (139K)
[2019.11.01-05.41.24:995][  0]LogRenderer: Reallocating scene render targets to support 2560x1440 Format 10 NumSamples 1 (Frame:1).
[2019.11.01-05.41.25:783][  0]LogContentBrowser: Native class hierarchy updated for 'HierarchicalLODOutliner' in 0.0004 seconds. Added 0 classes and 0 folders.
[2019.11.01-05.41.25:783][  0]LogLoad: (Engine Initialization) Total time: 16.88 seconds
[2019.11.01-05.41.25:783][  0]LogLoad: (Engine Initialization) Total Blueprint compile time: 0.00 seconds
[2019.11.01-05.41.25:871][  0]LogContentStreaming: Texture pool size now 1000 MB
[2019.11.01-05.41.25:889][  0]LogSlate: Took 0.000112 seconds to synchronously load lazily loaded font '../../../Engine/Content/Slate/Fonts/Roboto-Light.ttf' (167K)
[2019.11.01-05.41.25:910][  1]LogAssetRegistry: Asset discovery search completed in 13.5736 seconds
[2019.11.01-05.41.25:913][  1]LogCollectionManager: Rebuilt the object cache for 0 collections in 0.000000 seconds (found 0 objects)
[2019.11.01-05.41.25:913][  1]LogCollectionManager: Fixed up redirectors for 0 collections in 0.000034 seconds (updated 0 objects)
[2019.11.01-05.41.38:264][855]LogSlate: FSceneViewport::OnFocusLost() reason 0
[2019.11.01-05.41.40:705][ 36]LogSlate: Took 0.000167 seconds to synchronously load lazily loaded font '../../../Engine/Content/Slate/Fonts/Roboto-Light.ttf' (167K)
[2019.11.01-05.41.40:716][ 36]LogAIModule: Creating AISystem for world SilentForest
[2019.11.01-05.41.42:324][222]LogUObjectHash: Compacting FUObjectHashTables data took   2.17ms
[2019.11.01-05.41.43:921][222]LogSlate: Window 'Delete Assets' being destroyed
[2019.11.01-05.41.44:049][222]LogUObjectHash: Compacting FUObjectHashTables data took   2.94ms
[2019.11.01-05.41.44:086][222]LogUObjectHash: Compacting FUObjectHashTables data took   2.43ms
[2019.11.01-05.41.44:116][222]LogUObjectHash: Compacting FUObjectHashTables data took   0.88ms
[2019.11.01-05.41.44:266][222]SourceControl: Error: Updated 0 paths from the index
[2019.11.01-05.41.44:362][222]SourceControl: rm 'MasterLevel/Content/SilentForest/SilentForest.umap'
[2019.11.01-05.41.46:616][382]LogLinker: Warning: Can't find file '/Game/Environment_Set/Environment/Foliage/Models/SM_fern_01_2'
[2019.11.01-05.41.46:616][382]LogLinker: Warning: Can't find file for asset '/Game/Environment_Set/Environment/Foliage/Models/SM_fern_01_2' while loading NULL.
[2019.11.01-05.41.46:616][382]LogLinker: Warning: Can't find file '/Game/Environment_Set/Environment/Foliage/Models/SM_forest_heather_01'
[2019.11.01-05.41.46:617][382]LogLinker: Warning: Can't find file for asset '/Game/Environment_Set/Environment/Foliage/Models/SM_forest_heather_01' while loading NULL.
[2019.11.01-05.41.46:617][382]LogLinker: Warning: Can't find file '/Game/Environment_Set/Environment/Foliage/Models/SM_ground_foliage_01_flowery'
[2019.11.01-05.41.46:617][382]LogLinker: Warning: Can't find file for asset '/Game/Environment_Set/Environment/Foliage/Models/SM_ground_foliage_01_flowery' while loading NULL.
[2019.11.01-05.41.46:630][382]LogLinker: Warning: Can't find file '/Game/Environment_Set/Environment/Foliage/Models/SM_fern_01_2'
[2019.11.01-05.41.46:630][382]LogLinker: Warning: Can't find file for asset '/Game/Environment_Set/Environment/Foliage/Models/SM_fern_01_2' while loading NULL.
[2019.11.01-05.41.46:630][382]LogLinker: Warning: Can't find file '/Game/Environment_Set/Environment/Foliage/Models/SM_forest_heather_01'
[2019.11.01-05.41.46:630][382]LogLinker: Warning: Can't find file for asset '/Game/Environment_Set/Environment/Foliage/Models/SM_forest_heather_01' while loading NULL.
[2019.11.01-05.41.46:630][382]LogLinker: Warning: Can't find file '/Game/Environment_Set/Environment/Foliage/Models/SM_ground_foliage_01_flowery'
[2019.11.01-05.41.46:630][382]LogLinker: Warning: Can't find file for asset '/Game/Environment_Set/Environment/Foliage/Models/SM_ground_foliage_01_flowery' while loading NULL.
[2019.11.01-05.41.46:643][382]LogLinker: Warning: Can't find file '/Game/Environment_Set/Environment/Foliage/Models/Fir_06_Forest'
[2019.11.01-05.41.46:643][382]LogLinker: Warning: Can't find file for asset '/Game/Environment_Set/Environment/Foliage/Models/Fir_06_Forest' while loading NULL.
[2019.11.01-05.41.46:643][382]LogLinker: Warning: Can't find file '/Game/Environment_Set/Environment/Foliage/Models/Fir_07_Forest'
[2019.11.01-05.41.46:643][382]LogLinker: Warning: Can't find file for asset '/Game/Environment_Set/Environment/Foliage/Models/Fir_07_Forest' while loading NULL.
[2019.11.01-05.41.46:643][382]LogLinker: Warning: Can't find file '/Game/Environment_Set/Environment/Foliage/Models/Fir_08_Dead_Forest'
[2019.11.01-05.41.46:643][382]LogLinker: Warning: Can't find file for asset '/Game/Environment_Set/Environment/Foliage/Models/Fir_08_Dead_Forest' while loading NULL.
[2019.11.01-05.41.46:643][382]LogLinker: Warning: Can't find file '/Game/Environment_Set/Environment/Foliage/Models/SM_trunk_01'
[2019.11.01-05.41.46:643][382]LogLinker: Warning: Can't find file for asset '/Game/Environment_Set/Environment/Foliage/Models/SM_trunk_01' while loading NULL.
[2019.11.01-05.41.46:647][382]LogLinker: Warning: Can't find file '/Game/Environment_Set/Environment/Foliage/Models/Fir_06_Forest'
[2019.11.01-05.41.46:647][382]LogLinker: Warning: Can't find file for asset '/Game/Environment_Set/Environment/Foliage/Models/Fir_06_Forest' while loading NULL.
[2019.11.01-05.41.46:647][382]LogLinker: Warning: Can't find file '/Game/Environment_Set/Environment/Foliage/Models/Fir_07_Forest'
[2019.11.01-05.41.46:647][382]LogLinker: Warning: Can't find file for asset '/Game/Environment_Set/Environment/Foliage/Models/Fir_07_Forest' while loading NULL.
[2019.11.01-05.41.46:647][382]LogLinker: Warning: Can't find file '/Game/Environment_Set/Environment/Foliage/Models/Fir_08_Dead_Forest'
[2019.11.01-05.41.46:647][382]LogLinker: Warning: Can't find file for asset '/Game/Environment_Set/Environment/Foliage/Models/Fir_08_Dead_Forest' while loading NULL.
[2019.11.01-05.41.46:648][382]LogLinker: Warning: Can't find file '/Game/Environment_Set/Environment/Foliage/Models/SM_trunk_01'
[2019.11.01-05.41.46:648][382]LogLinker: Warning: Can't find file for asset '/Game/Environment_Set/Environment/Foliage/Models/SM_trunk_01' while loading NULL.
[2019.11.01-05.41.46:648][382]LogLinker: Warning: Can't find file '/Game/Environment_Set/Environment/Foliage/Models/Fir_06_Forest'
[2019.11.01-05.41.46:648][382]LogLinker: Warning: Can't find file for asset '/Game/Environment_Set/Environment/Foliage/Models/Fir_06_Forest' while loading NULL.
[2019.11.01-05.41.46:648][382]LogLinker: Warning: Can't find file '/Game/Environment_Set/Environment/Foliage/Models/Fir_07_Forest'
[2019.11.01-05.41.46:648][382]LogLinker: Warning: Can't find file for asset '/Game/Environment_Set/Environment/Foliage/Models/Fir_07_Forest' while loading NULL.
[2019.11.01-05.41.46:648][382]LogLinker: Warning: Can't find file '/Game/Environment_Set/Environment/Foliage/Models/Fir_08_Dead_Forest'
[2019.11.01-05.41.46:648][382]LogLinker: Warning: Can't find file for asset '/Game/Environment_Set/Environment/Foliage/Models/Fir_08_Dead_Forest' while loading NULL.
[2019.11.01-05.41.46:648][382]LogLinker: Warning: Can't find file '/Game/Environment_Set/Environment/Foliage/Models/SM_trunk_01'
[2019.11.01-05.41.46:648][382]LogLinker: Warning: Can't find file for asset '/Game/Environment_Set/Environment/Foliage/Models/SM_trunk_01' while loading NULL.
[2019.11.01-05.41.46:649][382]LogLinker: Warning: Can't find file '/Game/Environment_Set/Environment/Foliage/Models/Fir_06_Forest'
[2019.11.01-05.41.46:649][382]LogLinker: Warning: Can't find file for asset '/Game/Environment_Set/Environment/Foliage/Models/Fir_06_Forest' while loading NULL.
[2019.11.01-05.41.46:649][382]LogLinker: Warning: Can't find file '/Game/Environment_Set/Environment/Foliage/Models/Fir_07_Forest'
[2019.11.01-05.41.46:649][382]LogLinker: Warning: Can't find file for asset '/Game/Environment_Set/Environment/Foliage/Models/Fir_07_Forest' while loading NULL.
[2019.11.01-05.41.46:649][382]LogLinker: Warning: Can't find file '/Game/Environment_Set/Environment/Foliage/Models/Fir_08_Dead_Forest'
[2019.11.01-05.41.46:649][382]LogLinker: Warning: Can't find file for asset '/Game/Environment_Set/Environment/Foliage/Models/Fir_08_Dead_Forest' while loading NULL.
[2019.11.01-05.41.46:649][382]LogLinker: Warning: Can't find file '/Game/Environment_Set/Environment/Foliage/Models/SM_trunk_01'
[2019.11.01-05.41.46:649][382]LogLinker: Warning: Can't find file for asset '/Game/Environment_Set/Environment/Foliage/Models/SM_trunk_01' while loading NULL.
[2019.11.01-05.41.46:668][382]LogLinker: Warning: Can't find file '/Game/Environment_Set/Environment/Foliage/Models/Fir_07_Forest'
[2019.11.01-05.41.46:668][382]LoadErrors: Failed to load /Game/Environment_Set/Environment/Foliage/Models/Fir_07_Forest.Fir_07_Forest Referenced by FoliageType_InstancedStaticMesh_0
[2019.11.01-05.41.46:668][382]LogLinker: Warning: Can't find file for asset '/Game/Environment_Set/Environment/Foliage/Models/Fir_07_Forest' while loading NULL.
[2019.11.01-05.41.46:668][382]LogLinker: Warning: Can't find file '/Game/Environment_Set/Environment/Foliage/Models/Fir_08_Dead_Forest'
[2019.11.01-05.41.46:668][382]LoadErrors: Failed to load /Game/Environment_Set/Environment/Foliage/Models/Fir_08_Dead_Forest.Fir_08_Dead_Forest Referenced by FoliageType_InstancedStaticMesh_1
[2019.11.01-05.41.46:668][382]LogLinker: Warning: Can't find file for asset '/Game/Environment_Set/Environment/Foliage/Models/Fir_08_Dead_Forest' while loading NULL.
[2019.11.01-05.41.46:668][382]LogLinker: Warning: Can't find file '/Game/Environment_Set/Environment/Foliage/Models/Fir_06_Forest'
[2019.11.01-05.41.46:668][382]LoadErrors: Failed to load /Game/Environment_Set/Environment/Foliage/Models/Fir_06_Forest.Fir_06_Forest Referenced by FoliageType_InstancedStaticMesh_2
[2019.11.01-05.41.46:669][382]LogLinker: Warning: Can't find file for asset '/Game/Environment_Set/Environment/Foliage/Models/Fir_06_Forest' while loading NULL.
[2019.11.01-05.41.46:669][382]LogLinker: Warning: Can't find file '/Game/Environment_Set/Environment/Foliage/Models/SM_trunk_01'
[2019.11.01-05.41.46:669][382]LoadErrors: Failed to load /Game/Environment_Set/Environment/Foliage/Models/SM_trunk_01.SM_trunk_01 Referenced by FoliageType_InstancedStaticMesh_3
[2019.11.01-05.41.46:669][382]LogLinker: Warning: Can't find file for asset '/Game/Environment_Set/Environment/Foliage/Models/SM_trunk_01' while loading NULL.
[2019.11.01-05.41.46:772][382]LogLinker: Warning: Can't find file '/Game/Environment_Set/Environment/Foliage/Models/SM_fern_01_2'
[2019.11.01-05.41.46:772][382]LoadErrors: Failed to load /Game/Environment_Set/Environment/Foliage/Models/SM_fern_01_2.SM_fern_01_2 Referenced by Forest_Generator
[2019.11.01-05.41.46:772][382]LogLinker: Warning: Can't find file for asset '/Game/Environment_Set/Environment/Foliage/Models/SM_fern_01_2' while loading NULL.
[2019.11.01-05.41.46:772][382]LogLinker: Warning: Can't find file '/Game/Environment_Set/Environment/Foliage/Models/SM_forest_heather_01'
[2019.11.01-05.41.46:772][382]LoadErrors: Failed to load /Game/Environment_Set/Environment/Foliage/Models/SM_forest_heather_01.SM_forest_heather_01 Referenced by Forest_Generator
[2019.11.01-05.41.46:772][382]LogLinker: Warning: Can't find file for asset '/Game/Environment_Set/Environment/Foliage/Models/SM_forest_heather_01' while loading NULL.
[2019.11.01-05.41.46:772][382]LogLinker: Warning: Can't find file '/Game/Environment_Set/Environment/Foliage/Models/SM_ground_foliage_01_flowery'
[2019.11.01-05.41.46:772][382]LoadErrors: Failed to load /Game/Environment_Set/Environment/Foliage/Models/SM_ground_foliage_01_flowery.SM_ground_foliage_01_flowery Referenced by Forest_Generator
[2019.11.01-05.41.46:773][382]LogLinker: Warning: Can't find file for asset '/Game/Environment_Set/Environment/Foliage/Models/SM_ground_foliage_01_flowery' while loading NULL.
[2019.11.01-05.41.46:851][382]LogAIModule: Creating AISystem for world MainLevel
[2019.11.01-05.41.46:877][382]LogAssetEditorManager: Opening Asset editor for World /Game/SilentForest/Levels/MainLevel.MainLevel
[2019.11.01-05.41.46:906][382]LogUObjectHash: Compacting FUObjectHashTables data took   2.40ms
[2019.11.01-05.41.46:907][382]Cmd: MAP LOAD FILE="../../../../Github_Reps/SilentForest/Final-Project/MasterLevel/Content/SilentForest/Levels/MainLevel.umap" TEMPLATE=0 SHOWPROGRESS=1 FEATURELEVEL=3
[2019.11.01-05.41.46:907][382]LightingResults: New page: Lighting Build
[2019.11.01-05.41.46:908][382]LoadErrors: New page: Loading map: MainLevel.umap
[2019.11.01-05.41.46:915][382]MapCheck: New page: Map Check
[2019.11.01-05.41.46:915][382]LightingResults: New page: Lighting Build
[2019.11.01-05.41.46:965][382]LogUObjectHash: Compacting FUObjectHashTables data took   2.52ms
[2019.11.01-05.41.49:159][382]LogEditorServer: Finished looking for orphan Actors (0.000 secs)
[2019.11.01-05.41.49:194][382]LogUObjectHash: Compacting FUObjectHashTables data took   5.01ms
[2019.11.01-05.41.49:213][382]Cmd: MAP CHECKDEP NOCLEARLOG
[2019.11.01-05.41.49:213][382]MapCheck: Map check complete: 0 Error(s), 0 Warning(s), took 0.067ms to complete.
[2019.11.01-05.41.49:213][382]LogFileHelpers: Loading map 'MainLevel' took 2.307
[2019.11.01-05.42.00:451][299]LogSlate: FSceneViewport::OnFocusLost() reason 0
[2019.11.01-05.42.48:857][446]LogSlate: FSceneViewport::OnFocusLost() reason 0
[2019.11.01-05.42.49:061][452]LogTexture: Display: Building textures: Texture2D_2 (G8, 128X128)
[2019.11.01-05.43.02:043][981]LogEditorViewport: Clicking on Actor (double click): Landscape (Landscape3)
[2019.11.01-05.43.12:303][ 89]LogEditorViewport: Clicking on Actor (double click): Landscape (Landscape3)
[2019.11.01-05.43.13:407][197]LogEditorViewport: Clicking on Actor (double click): Landscape (Landscape3)
[2019.11.01-05.43.15:011][378]LogSlate: FSceneViewport::OnFocusLost() reason 0
[2019.11.01-05.43.58:804][705]LogSlate: FSceneViewport::OnFocusLost() reason 0
[2019.11.01-05.44.06:410][537]LogConsoleManager: Warning: Console object named 'ActorComponents.Enable' already exists but is being registered again, but we weren't expected it to be! (FConsoleManager::AddConsoleObject)
[2019.11.01-05.44.12:888][209]LogEditorViewport: Clicking on Actor (context menu): Landscape (Landscape3)
[2019.11.01-05.44.12:942][209]LogSlate: FSceneViewport::OnFocusLost() reason 2
[2019.11.01-05.44.16:715][639]Cmd: CAMERA SNAP
[2019.11.01-05.44.16:715][639]Snapped camera to the first selected object.
[2019.11.01-05.44.18:609][744]LogSlate: FSceneViewport::OnFocusLost() reason 0
[2019.11.01-05.44.20:090][835]LogEditorViewport: Clicking on Actor (context menu): BP_Sky_Sphere_C (Sky Sphere)
[2019.11.01-05.44.20:158][835]LogSlate: FSceneViewport::OnFocusLost() reason 2
[2019.11.01-05.44.25:936][446]Cmd: CAMERA SNAP
[2019.11.01-05.44.25:936][446]Snapped camera to the first selected object.
[2019.11.01-05.44.46:199][144]LogSlate: FSceneViewport::OnFocusLost() reason 0
[2019.11.01-05.45.09:324][928]LogSlate: FSceneViewport::OnFocusLost() reason 0
[2019.11.01-05.45.22:346][969]LogSlate: FSceneViewport::OnFocusLost() reason 0
[2019.11.01-05.45.26:514][301]LogSlate: FSceneViewport::OnFocusLost() reason 0
[2019.11.01-05.46.14:276][612]LogSlate: FSceneViewport::OnFocusLost() reason 0
[2019.11.01-05.46.18:591][125]LogSlate: FSceneViewport::OnFocusLost() reason 0
[2019.11.01-05.46.31:840][609]LogSlate: FSceneViewport::OnFocusLost() reason 2
[2019.11.01-05.46.48:871][366]LogSlate: FSceneViewport::OnFocusLost() reason 0
[2019.11.01-05.47.02:484][383]LogSlate: FSceneViewport::OnFocusLost() reason 0
[2019.11.01-05.47.10:203][921]LogSlate: FSceneViewport::OnFocusLost() reason 0
[2019.11.01-05.47.47:267][123]LogSlate: FSceneViewport::OnFocusLost() reason 2
[2019.11.01-05.48.06:192][361]LogEditorViewport: Clicking on Actor (double click): Landscape (Landscape3)
[2019.11.01-05.49.05:283][205]LogSlate: FSceneViewport::OnFocusLost() reason 0
[2019.11.01-05.49.43:310][973]LogEditorViewport: Clicking on Actor (double click): Landscape (Landscape3)
[2019.11.01-05.49.44:866][154]LogEditorViewport: Clicking on Actor (double click): Landscape (Landscape3)
[2019.11.01-05.49.46:315][317]LogEditorViewport: Clicking on Actor (double click): Landscape (Landscape3)
[2019.11.01-05.49.47:144][408]LogEditorViewport: Clicking on Actor (double click): Landscape (Landscape3)
[2019.11.01-05.49.47:721][471]LogEditorViewport: Clicking on Actor (double click): Landscape (Landscape3)
[2019.11.01-05.49.48:705][577]LogEditorViewport: Clicking on Actor (double click): Landscape (Landscape3)
[2019.11.01-05.50.07:194][354]LogSlate: FSceneViewport::OnFocusLost() reason 2
[2019.11.01-05.50.15:853][303]LogEditorViewport: Clicking on Actor (double click): Landscape (Landscape3)
[2019.11.01-05.50.53:060][773]LogSlate: FSceneViewport::OnFocusLost() reason 2
[2019.11.01-05.51.19:143][782]LogEditorViewport: Clicking on Actor (context menu): Landscape (Landscape3)
[2019.11.01-05.51.19:165][782]LogSlate: FSceneViewport::OnFocusLost() reason 2
[2019.11.01-05.52.05:821][ 80]LogSlate: FSceneViewport::OnFocusLost() reason 2
[2019.11.01-05.52.26:035][592]LogSlate: FSceneViewport::OnFocusLost() reason 0
[2019.11.01-05.52.50:426][483]LogSlate: FSceneViewport::OnFocusLost() reason 0
[2019.11.01-05.53.06:899][972]LogSlate: FSceneViewport::OnFocusLost() reason 2
[2019.11.01-05.53.42:051][847]LogSlate: FSceneViewport::OnFocusLost() reason 2
[2019.11.01-05.53.48:236][536]LogSlate: FSceneViewport::OnFocusLost() reason 0
[2019.11.01-05.53.59:735][675]LogSlate: FSceneViewport::OnFocusLost() reason 2
[2019.11.01-05.54.12:180][ 37]LogSlate: FSceneViewport::OnFocusLost() reason 0
[2019.11.01-05.54.24:446][106]LogSlate: FSceneViewport::OnFocusLost() reason 2
[2019.11.01-05.54.40:541][549]LogSlate: FSceneViewport::OnFocusLost() reason 2
[2019.11.01-05.54.59:786][294]Cmd: TRANSACTION UNDO
[2019.11.01-05.54.59:786][294]LogEditorTransaction: Undo Landscape Editing: Noise
[2019.11.01-05.54.59:981][294]LogTexture: Display: Building textures: Texture2D_11 (BGRA8, 512X512)
[2019.11.01-05.55.06:567][790]LogSlate: FSceneViewport::OnFocusLost() reason 0
[2019.11.01-05.55.12:346][250]Cmd: TRANSACTION UNDO
[2019.11.01-05.55.12:346][250]LogEditorTransaction: Undo Landscape Editing: Noise
[2019.11.01-05.55.12:633][250]LogTexture: Display: Building textures: Texture2D_11 (BGRA8, 512X512)
[2019.11.01-05.56.05:353][524]LogSlate: FSceneViewport::OnFocusLost() reason 0
[2019.11.01-05.56.05:417][531]LogTemp: Repeating last play command: Selected Viewport
[2019.11.01-05.56.05:440][531]LogBlueprintUserMessages: Early PlayInEditor Detection: Level '/Game/SilentForest/Levels/MainLevel.MainLevel:PersistentLevel' has LevelScriptBlueprint '/Game/SilentForest/Levels/MainLevel.MainLevel:PersistentLevel.MainLevel' with GeneratedClass '/Game/SilentForest/Levels/MainLevel.MainLevel_C' with ClassGeneratedBy '/Game/SilentForest/Levels/MainLevel.MainLevel:PersistentLevel.MainLevel'
[2019.11.01-05.56.05:440][531]LogPlayLevel: PlayLevel: No blueprints needed recompiling
[2019.11.01-05.56.05:440][531]PIE: New page: PIE session: MainLevel (Oct 31, 2019, 9:56:05 PM)
[2019.11.01-05.56.05:453][531]LogPlayLevel: Creating play world package: /Game/SilentForest/Levels/UEDPIE_0_MainLevel
[2019.11.01-05.56.05:492][531]LogPlayLevel: PIE: StaticDuplicateObject took: (0.039079s)
[2019.11.01-05.56.05:493][531]LogAIModule: Creating AISystem for world MainLevel
[2019.11.01-05.56.05:493][531]LogPlayLevel: PIE: World Init took: (0.000728s)
[2019.11.01-05.56.05:493][531]LogPlayLevel: PIE: Created PIE world by copying editor world from /Game/SilentForest/Levels/MainLevel.MainLevel to /Game/SilentForest/Levels/UEDPIE_0_MainLevel.MainLevel (0.040010s)
[2019.11.01-05.56.05:635][531]LogUObjectHash: Compacting FUObjectHashTables data took   3.13ms
[2019.11.01-05.56.05:687][531]LogInit: XAudio2 using 'Headphones (6- Astro A50 Game)' : 6 channels at 48 kHz using 16 bits per sample (channel mask 0x60f)
[2019.11.01-05.56.05:698][531]LogInit: FAudioDevice initialized.
[2019.11.01-05.56.05:769][531]LogLoad: Game class is 'HorrorEngineGameMode_C'
[2019.11.01-05.56.05:778][531]LogWorld: Bringing World /Game/SilentForest/Levels/UEDPIE_0_MainLevel.MainLevel up for play (max tick rate 0) at 2019.11.01-01.56.05
[2019.11.01-05.56.05:778][531]LogWorld: Bringing up level for play took: 0.006090
[2019.11.01-05.56.05:790][531]LogSpawn: Warning: SpawnActor failed because no class was specified
[2019.11.01-05.56.05:793][531]LogContentBrowser: Native class hierarchy updated for 'MovieSceneCapture' in 0.0003 seconds. Added 20 classes and 0 folders.
[2019.11.01-05.56.05:818][531]PIE: Play in editor start time for /Game/SilentForest/Levels/UEDPIE_0_MainLevel 0.454
[2019.11.01-05.56.05:818][531]LogBlueprintUserMessages: Late PlayInEditor Detection: Level '/Game/SilentForest/Levels/MainLevel.MainLevel:PersistentLevel' has LevelScriptBlueprint '/Game/SilentForest/Levels/MainLevel.MainLevel:PersistentLevel.MainLevel' with GeneratedClass '/Game/SilentForest/Levels/MainLevel.MainLevel_C' with ClassGeneratedBy '/Game/SilentForest/Levels/MainLevel.MainLevel:PersistentLevel.MainLevel'
[2019.11.01-05.56.08:265][723]LogBlueprintUserMessages: Early EndPlayMap Detection: Level '/Game/SilentForest/Levels/MainLevel.MainLevel:PersistentLevel' has LevelScriptBlueprint '/Game/SilentForest/Levels/MainLevel.MainLevel:PersistentLevel.MainLevel' with GeneratedClass '/Game/SilentForest/Levels/MainLevel.MainLevel_C' with ClassGeneratedBy '/Game/SilentForest/Levels/MainLevel.MainLevel:PersistentLevel.MainLevel'
[2019.11.01-05.56.08:265][723]LogSlate: Updating window title bar state: overlay mode, drag disabled, window buttons hidden, title bar hidden
[2019.11.01-05.56.08:321][723]LogPlayLevel: Display: Shutting down PIE online subsystems
[2019.11.01-05.56.08:322][723]LogBlueprintUserMessages: Late EndPlayMap Detection: Level '/Game/SilentForest/Levels/MainLevel.MainLevel:PersistentLevel' has LevelScriptBlueprint '/Game/SilentForest/Levels/MainLevel.MainLevel:PersistentLevel.MainLevel' with GeneratedClass '/Game/SilentForest/Levels/MainLevel.MainLevel_C' with ClassGeneratedBy '/Game/SilentForest/Levels/MainLevel.MainLevel:PersistentLevel.MainLevel'
[2019.11.01-05.56.08:361][723]LogSlate: Updating window title bar state: overlay mode, drag disabled, window buttons hidden, title bar hidden
[2019.11.01-05.56.08:368][723]LogUObjectHash: Compacting FUObjectHashTables data took   3.03ms
[2019.11.01-05.56.08:389][724]LogPlayLevel: Display: Destroying online subsystem :Context_2
[2019.11.01-05.56.16:152][218]LogEditorViewport: Clicking on Actor (context menu): BP_Sky_Sphere_C (Sky Sphere)
[2019.11.01-05.56.16:209][218]LogSlate: FSceneViewport::OnFocusLost() reason 2
[2019.11.01-05.57.13:812][472]LogSlate: FSceneViewport::OnFocusLost() reason 2
[2019.11.01-05.58.13:585][313]LogSlate: FSceneViewport::OnFocusLost() reason 2
[2019.11.01-05.58.38:833][634]LogSlate: FSceneViewport::OnFocusLost() reason 0
[2019.11.01-05.59.16:116][923]LogSlate: FSceneViewport::OnFocusLost() reason 0
[2019.11.01-05.59.23:456][389]LogAssetEditorManager: Opening Asset editor for MapBuildDataRegistry /Game/SilentForest/Levels/MainLevel_BuiltData.MainLevel_BuiltData
[2019.11.01-05.59.25:850][539]LogSlate: Window 'MainLevel_BuiltData' being destroyed
[2019.11.01-05.59.25:868][539]LogSlate: Window 'MainLevel_BuiltData' being destroyed
[2019.11.01-05.59.29:144][745]LogSlate: FSceneViewport::OnFocusLost() reason 0
[2019.11.01-06.00.20:651][662]LogUObjectHash: Compacting FUObjectHashTables data took   2.60ms
[2019.11.01-06.00.20:660][662]LogTexture: Display: Building textures: Texture2D_11 (BGRA8, 512X512)
[2019.11.01-06.00.20:664][662]LogTexture: Display: Building textures: Texture2D_13 (BGRA8, 512X32)
[2019.11.01-06.00.21:595][662]LogSavePackage: Moving '../../../../Github_Reps/SilentForest/Final-Project/MasterLevel/Saved/MainLevel_Auto144028B0C443E4B5B6FCFC5A2D9236D7D.tmp' to '../../../../Github_Reps/SilentForest/Final-Project/MasterLevel/Saved/Autosaves/Game/SilentForest/Levels/MainLevel_Auto1.umap'
[2019.11.01-06.00.21:597][662]LogFileHelpers: Editor autosave (incl. sublevels) for '/Game/SilentForest/Levels/MainLevel' took 0.990
[2019.11.01-06.00.21:597][662]LogFileHelpers: Editor autosave (incl. sublevels) for all levels took 0.990
[2019.11.01-06.03.54:224][958]LogSlate: FSceneViewport::OnFocusLost() reason 0
[2019.11.01-06.03.59:838][412]LogSlate: FSceneViewport::OnFocusLost() reason 0
[2019.11.01-06.04.07:333][ 86]LogEditorViewport: Clicking on Actor (double click): PlayerStart (Player Start)
[2019.11.01-06.04.09:531][350]LogSlate: FSceneViewport::OnFocusLost() reason 0
[2019.11.01-06.04.12:644][720]LogSlate: Took 0.018400 seconds to synchronously load lazily loaded font '../../../Engine/Content/Slate/Fonts/Roboto-Italic.ttf' (157K)
[2019.11.01-06.04.19:340][353]LogActorComponent: UnregisterComponent: (/Engine/Transient.SphereBrushComponent) Not registered. Aborting.
[2019.11.01-06.04.24:168][895]LogNavigationPoint: PostEditMove Clear paths rebuilt
[2019.11.01-06.04.27:674][200]LogNavigationPoint: PostEditMove Clear paths rebuilt
[2019.11.01-06.04.32:826][532]LogNavigationPoint: PostEditMove Clear paths rebuilt
[2019.11.01-06.04.36:368][767]LogNavigationPoint: PostEditMove Clear paths rebuilt
[2019.11.01-06.04.46:209][558]LogSlate: FSceneViewport::OnFocusLost() reason 0
[2019.11.01-06.04.54:217][374]LogNavigationPoint: PostEditMove Clear paths rebuilt
[2019.11.01-06.05.04:277][281]LogNavigationPoint: PostEditMove Clear paths rebuilt
[2019.11.01-06.05.06:492][415]LogNavigationPoint: PostEditMove Clear paths rebuilt
[2019.11.01-06.05.11:900][742]LogNavigationPoint: PostEditMove Clear paths rebuilt
[2019.11.01-06.05.15:568][983]LogNavigationPoint: PostEditMove Clear paths rebuilt
[2019.11.01-06.05.22:230][581]LogNavigationPoint: PostEditMove Clear paths rebuilt
[2019.11.01-06.05.23:020][636]LogSlate: FSceneViewport::OnFocusLost() reason 0
[2019.11.01-06.05.23:120][644]LogTemp: Repeating last play command: Selected Viewport
[2019.11.01-06.05.23:131][644]LogBlueprintUserMessages: Early PlayInEditor Detection: Level '/Game/SilentForest/Levels/MainLevel.MainLevel:PersistentLevel' has LevelScriptBlueprint '/Game/SilentForest/Levels/MainLevel.MainLevel:PersistentLevel.MainLevel' with GeneratedClass '/Game/SilentForest/Levels/MainLevel.MainLevel_C' with ClassGeneratedBy '/Game/SilentForest/Levels/MainLevel.MainLevel:PersistentLevel.MainLevel'
[2019.11.01-06.05.23:131][644]LogPlayLevel: PlayLevel: No blueprints needed recompiling
[2019.11.01-06.05.23:131][644]PIE: New page: PIE session: MainLevel (Oct 31, 2019, 10:05:23 PM)
[2019.11.01-06.05.23:132][644]LogPlayLevel: Creating play world package: /Game/SilentForest/Levels/UEDPIE_0_MainLevel
[2019.11.01-06.05.23:172][644]LogPlayLevel: PIE: StaticDuplicateObject took: (0.040388s)
[2019.11.01-06.05.23:173][644]LogAIModule: Creating AISystem for world MainLevel
[2019.11.01-06.05.23:173][644]LogPlayLevel: PIE: World Init took: (0.000715s)
[2019.11.01-06.05.23:173][644]LogPlayLevel: PIE: Created PIE world by copying editor world from /Game/SilentForest/Levels/MainLevel.MainLevel to /Game/SilentForest/Levels/UEDPIE_0_MainLevel.MainLevel (0.041245s)
[2019.11.01-06.05.23:207][644]LogUObjectHash: Compacting FUObjectHashTables data took   2.85ms
[2019.11.01-06.05.23:278][644]LogInit: XAudio2 using 'Headphones (6- Astro A50 Game)' : 6 channels at 48 kHz using 16 bits per sample (channel mask 0x60f)
[2019.11.01-06.05.23:289][644]LogInit: FAudioDevice initialized.
[2019.11.01-06.05.23:315][644]LogLoad: Game class is 'HorrorEngineGameMode_C'
[2019.11.01-06.05.23:324][644]LogWorld: Bringing World /Game/SilentForest/Levels/UEDPIE_0_MainLevel.MainLevel up for play (max tick rate 0) at 2019.11.01-02.05.23
[2019.11.01-06.05.23:325][644]LogWorld: Bringing up level for play took: 0.006905
[2019.11.01-06.05.23:337][644]LogSpawn: Warning: SpawnActor failed because no class was specified
[2019.11.01-06.05.23:342][644]PIE: Play in editor start time for /Game/SilentForest/Levels/UEDPIE_0_MainLevel -0.023
[2019.11.01-06.05.23:342][644]LogBlueprintUserMessages: Late PlayInEditor Detection: Level '/Game/SilentForest/Levels/MainLevel.MainLevel:PersistentLevel' has LevelScriptBlueprint '/Game/SilentForest/Levels/MainLevel.MainLevel:PersistentLevel.MainLevel' with GeneratedClass '/Game/SilentForest/Levels/MainLevel.MainLevel_C' with ClassGeneratedBy '/Game/SilentForest/Levels/MainLevel.MainLevel:PersistentLevel.MainLevel'
[2019.11.01-06.05.43:633][722]LogBlueprintUserMessages: Early EndPlayMap Detection: Level '/Game/SilentForest/Levels/MainLevel.MainLevel:PersistentLevel' has LevelScriptBlueprint '/Game/SilentForest/Levels/MainLevel.MainLevel:PersistentLevel.MainLevel' with GeneratedClass '/Game/SilentForest/Levels/MainLevel.MainLevel_C' with ClassGeneratedBy '/Game/SilentForest/Levels/MainLevel.MainLevel:PersistentLevel.MainLevel'
[2019.11.01-06.05.43:633][722]LogSlate: Updating window title bar state: overlay mode, drag disabled, window buttons hidden, title bar hidden
[2019.11.01-06.05.43:669][722]LogPlayLevel: Display: Shutting down PIE online subsystems
[2019.11.01-06.05.43:669][722]LogBlueprintUserMessages: Late EndPlayMap Detection: Level '/Game/SilentForest/Levels/MainLevel.MainLevel:PersistentLevel' has LevelScriptBlueprint '/Game/SilentForest/Levels/MainLevel.MainLevel:PersistentLevel.MainLevel' with GeneratedClass '/Game/SilentForest/Levels/MainLevel.MainLevel_C' with ClassGeneratedBy '/Game/SilentForest/Levels/MainLevel.MainLevel:PersistentLevel.MainLevel'
[2019.11.01-06.05.43:708][722]LogSlate: Updating window title bar state: overlay mode, drag disabled, window buttons hidden, title bar hidden
[2019.11.01-06.05.43:714][722]LogUObjectHash: Compacting FUObjectHashTables data took   2.42ms
[2019.11.01-06.05.43:740][723]LogPlayLevel: Display: Destroying online subsystem :Context_3
[2019.11.01-06.06.15:469][648]LogSlate: FSceneViewport::OnFocusLost() reason 0
[2019.11.01-06.06.26:789][578]LogUObjectHash: Compacting FUObjectHashTables data took   2.05ms
[2019.11.01-06.06.26:896][578]LogUObjectHash: Compacting FUObjectHashTables data took   1.09ms
[2019.11.01-06.06.27:592][578]LogSavePackage: Moving '../../../../Github_Reps/SilentForest/Final-Project/MasterLevel/Saved/MainLevelA53783B54ED208CF94A7778CA9A76418.tmp' to '../../../../Github_Reps/SilentForest/Final-Project/MasterLevel/Content/SilentForest/Levels/MainLevel.umap'
[2019.11.01-06.06.27:619][578]LogFileHelpers: Saving map 'MainLevel' took 0.755
[2019.11.01-06.06.31:777][907]SourceControl: fatal: D:/UE_4.22/Engine/Content: 'D:/UE_4.22/Engine/Content' is outside repository
[2019.11.01-06.07.05:515][907]LogSlate: Window 'Submit Files' being destroyed
[2019.11.01-06.07.06:977][907]LogSourceControl: commit successful: [UI faa86d1] Cleanup and added small variance in terrain surface to look more natural
[2019.11.01-06.07.07:065][907]SourceControl: [UI faa86d1] Cleanup and added small variance in terrain surface to look more natural
[2019.11.01-06.07.07:065][907]SourceControl:  2 files changed, 0 insertions(+), 0 deletions(-)
[2019.11.01-06.07.07:065][907]SourceControl:  delete mode 100644 MasterLevel/Content/SilentForest/SilentForest.umap
[2019.11.01-06.07.07:069][907]SourceControl: Commited [UI faa86d1] Cleanup and added small variance in terrain surface to look more natural.
